2022-09-01 02:30:28,096 - root - INFO - 



.\generate.py -c .\configs\generate\abstractive_text_summarization\CNewSum_v2\config.ini
2022-09-01 02:30:28,096 - data_generation.initialize - INFO - Start to initialize.
2022-09-01 02:30:28,097 - data_generation.initialize - WARNING - The path of output results/tvt_dataset/abstractive_text_summarization/CNewSum_v2 does not exist.
2022-09-01 02:30:28,097 - data_generation.initialize - INFO - Make the directory automatically.
2022-09-01 02:30:28,201 - data_generation.initialize - INFO - Initialize successfully.
2022-09-01 02:30:28,202 - root - INFO - Start to generate data.
2022-09-01 02:30:28,202 - data_generation.utils - INFO - Start to get ATS model data.
2022-09-01 02:30:28,204 - data_generation.utils - INFO - Start to load data.
2022-09-01 02:30:28,204 - data_generation.utils - INFO - Start to process dev.simple.label.jsonl.
2022-09-01 02:30:28,618 - data_generation.utils - INFO - Process dev.simple.label.jsonl successfully.
2022-09-01 02:30:28,618 - data_generation.utils - INFO - Start to process test.simple.label.jsonl.
2022-09-01 02:30:29,215 - data_generation.utils - INFO - Process test.simple.label.jsonl successfully.
2022-09-01 02:30:29,216 - data_generation.utils - INFO - Start to process test2017.simple.label.jsonl.
2022-09-01 02:30:29,382 - data_generation.utils - INFO - Process test2017.simple.label.jsonl successfully.
2022-09-01 02:30:29,382 - data_generation.utils - INFO - Start to process test2018.simple.label.jsonl.
2022-09-01 02:30:29,503 - data_generation.utils - INFO - Process test2018.simple.label.jsonl successfully.
2022-09-01 02:30:29,504 - data_generation.utils - INFO - Start to process train.simple.label.jsonl.
2022-09-01 02:30:37,501 - data_generation.utils - INFO - Process train.simple.label.jsonl successfully.
2022-09-01 02:30:37,501 - data_generation.utils - INFO - Load data successfully.
2022-09-01 02:30:52,051 - data_generation.utils - INFO - Start to write back results.
2022-09-01 02:30:52,309 - data_generation.utils - INFO - Start to write train.json.
2022-09-01 02:30:56,454 - data_generation.utils - INFO - Write train.json successfully.
2022-09-01 02:30:56,455 - data_generation.utils - INFO - Start to write valid.json.
2022-09-01 02:30:56,801 - data_generation.utils - INFO - Write valid.json successfully.
2022-09-01 02:30:56,812 - data_generation.utils - INFO - Write back results successfully.
2022-09-01 02:30:56,812 - data_generation.utils - INFO - Get ATS model data successfully.
2022-09-01 02:30:57,127 - root - INFO - Generate data successfully.
2022-09-01 02:31:39,335 - root - INFO - 



.\generate.py -c .\configs\generate\legal_judgment_prediction\none\one_label\config.ini
2022-09-01 02:31:39,335 - data_generation.initialize - INFO - Start to initialize.
2022-09-01 02:31:39,574 - data_generation.initialize - WARNING - The path of output results/tvt_dataset/legal_judgment_prediction/none/one_label does not exist.
2022-09-01 02:31:39,575 - data_generation.initialize - INFO - Make the directory automatically.
2022-09-01 02:31:39,575 - data_generation.initialize - INFO - Initialize successfully.
2022-09-01 02:31:39,579 - root - INFO - Start to generate data.
2022-09-01 02:31:39,580 - data_generation.utils - INFO - Start to get common data.
2022-09-01 02:31:47,855 - data_generation.utils - INFO - Start to write back results.
2022-09-01 02:31:47,855 - data_generation.utils - INFO - Start to write articles.txt.
2022-09-01 02:31:47,867 - data_generation.utils - INFO - Write articles.txt successfully.
2022-09-01 02:31:47,868 - data_generation.utils - INFO - Start to write article_sources.txt.
2022-09-01 02:31:47,869 - data_generation.utils - INFO - Write article_sources.txt successfully.
2022-09-01 02:31:47,869 - data_generation.utils - INFO - Start to write accusations.txt.
2022-09-01 02:31:47,870 - data_generation.utils - INFO - Write accusations.txt successfully.
2022-09-01 02:31:47,990 - data_generation.utils - INFO - Start to write train.json.
2022-09-01 02:31:49,631 - data_generation.utils - INFO - Write train.json successfully.
2022-09-01 02:31:49,631 - data_generation.utils - INFO - Start to write valid.json.
2022-09-01 02:31:50,004 - data_generation.utils - INFO - Write valid.json successfully.
2022-09-01 02:31:50,005 - data_generation.utils - INFO - Start to write test.json.
2022-09-01 02:31:50,207 - data_generation.utils - INFO - Write test.json successfully.
2022-09-01 02:31:50,214 - data_generation.utils - INFO - Write back results successfully.
2022-09-01 02:31:50,214 - data_generation.utils - INFO - Get common data successfully.
2022-09-01 02:31:50,314 - root - INFO - Generate data successfully.
2022-09-01 02:32:41,481 - root - INFO - 



.\generate.py -c .\configs\generate\legal_judgment_prediction\bart\one_label\config.ini -g 0 -cp .\results\checkpoints\abstractive_text_summarization\CNewSum_v2\checkpoint_2.pkl
2022-09-01 02:32:41,481 - data_generation.initialize - INFO - Start to initialize.
2022-09-01 02:32:42,316 - utils - INFO - CUDA is available.
2022-09-01 02:32:42,316 - utils - INFO - Initialize GPUs successfully.
2022-09-01 02:32:42,317 - abstractive_text_summarization.model.initialize - INFO - Start to initialize model.
2022-09-01 02:32:43,546 - abstractive_text_summarization.model.initialize - INFO - Initialize model successfully.
2022-09-01 02:32:43,760 - data_generation.initialize - INFO - Start to initialize multiple gpus.
2022-09-01 02:32:43,763 - data_generation.initialize - INFO - Initialize multiple gpus successfully.
2022-09-01 02:33:04,894 - abstractive_text_summarization.formatter.initialize - INFO - Start to initialize formatter.
2022-09-01 02:33:04,917 - abstractive_text_summarization.formatter.initialize - INFO - Initialize formatter successfully.
2022-09-01 02:33:04,918 - data_generation.initialize - WARNING - The path of output results/tvt_dataset/legal_judgment_prediction/bart/one_label does not exist.
2022-09-01 02:33:04,919 - data_generation.initialize - INFO - Make the directory automatically.
2022-09-01 02:33:04,920 - data_generation.initialize - INFO - Initialize successfully.
2022-09-01 02:33:04,921 - root - INFO - Start to generate data.
2022-09-01 02:33:04,922 - data_generation.utils - INFO - Start to get summaries based on ATS model.
2022-09-01 02:33:04,943 - data_generation.utils - INFO - Start to process test.json.
2022-09-01 02:33:07,832 - utils - INFO - 
+-----------+------------+------------+
|   stage   | iterations |    time    |
+-----------+------------+------------+
| test.json |    1/10    | 0:02/ 0:25 |
+-----------+------------+------------+

2022-09-01 02:33:25,193 - utils - INFO - 
+-----------+------------+------------+
|   stage   | iterations |    time    |
+-----------+------------+------------+
| test.json |   10/10    | 0:20/ 0:00 |
+-----------+------------+------------+

2022-09-01 02:33:25,194 - data_generation.utils - INFO - Process test.json successfully.
2022-09-01 02:33:25,195 - data_generation.utils - INFO - Start to process train.json.
2022-09-01 02:33:26,103 - utils - INFO - 
+------------+------------+------------+
|   stage    | iterations |    time    |
+------------+------------+------------+
| train.json |    1/20    | 0:00/ 0:17 |
+------------+------------+------------+

2022-09-01 02:34:10,367 - utils - INFO - 
+------------+------------+------------+
|   stage    | iterations |    time    |
+------------+------------+------------+
| train.json |   20/20    | 0:45/ 0:00 |
+------------+------------+------------+

2022-09-01 02:34:10,472 - data_generation.utils - INFO - Process train.json successfully.
2022-09-01 02:34:10,473 - data_generation.utils - INFO - Start to process valid.json.
2022-09-01 02:34:12,254 - utils - INFO - 
+------------+------------+------------+
|   stage    | iterations |    time    |
+------------+------------+------------+
| valid.json |    1/10    | 0:01/ 0:16 |
+------------+------------+------------+

2022-09-01 02:34:45,263 - utils - INFO - 
+------------+------------+------------+
|   stage    | iterations |    time    |
+------------+------------+------------+
| valid.json |   10/10    | 0:34/ 0:00 |
+------------+------------+------------+

2022-09-01 02:34:45,264 - data_generation.utils - INFO - Process valid.json successfully.
2022-09-01 02:34:45,264 - data_generation.utils - INFO - Get summaries based on ATS model successfully.
2022-09-01 02:34:45,264 - root - INFO - Generate data successfully.
2022-09-01 02:35:03,275 - root - INFO - 



.\generate.py -c .\configs\generate\legal_judgment_prediction\lead_3\one_label\config.ini
2022-09-01 02:35:03,276 - data_generation.initialize - INFO - Start to initialize.
2022-09-01 02:35:03,276 - data_generation.initialize - WARNING - The path of output results/tvt_dataset/legal_judgment_prediction/lead_3/one_label does not exist.
2022-09-01 02:35:03,276 - data_generation.initialize - INFO - Make the directory automatically.
2022-09-01 02:35:03,277 - data_generation.initialize - INFO - Initialize successfully.
2022-09-01 02:35:03,277 - root - INFO - Start to generate data.
2022-09-01 02:35:03,277 - data_generation.utils - INFO - Start to use lead-3 method to get summaries.
2022-09-01 02:35:03,281 - data_generation.utils - INFO - Start to process test.json.
2022-09-01 02:35:03,498 - utils - INFO - 
+-----------+------------+------------+
|   stage   | iterations |    time    |
+-----------+------------+------------+
| test.json |  1/30524   | 0:00/ 0:58 |
+-----------+------------+------------+

2022-09-01 02:35:03,589 - utils - INFO - 
+-----------+------------+------------+
|   stage   | iterations |    time    |
+-----------+------------+------------+
| test.json | 2001/30524 | 0:00/ 0:01 |
+-----------+------------+------------+

2022-09-01 02:35:03,678 - utils - INFO - 
+-----------+------------+------------+
|   stage   | iterations |    time    |
+-----------+------------+------------+
| test.json | 4001/30524 | 0:00/ 0:01 |
+-----------+------------+------------+

2022-09-01 02:35:03,790 - utils - INFO - 
+-----------+------------+------------+
|   stage   | iterations |    time    |
+-----------+------------+------------+
| test.json | 6001/30524 | 0:00/ 0:01 |
+-----------+------------+------------+

2022-09-01 02:35:03,872 - utils - INFO - 
+-----------+------------+------------+
|   stage   | iterations |    time    |
+-----------+------------+------------+
| test.json | 8001/30524 | 0:00/ 0:01 |
+-----------+------------+------------+

2022-09-01 02:35:03,965 - utils - INFO - 
+-----------+-------------+------------+
|   stage   | iterations  |    time    |
+-----------+-------------+------------+
| test.json | 10001/30524 | 0:00/ 0:00 |
+-----------+-------------+------------+

2022-09-01 02:35:04,076 - utils - INFO - 
+-----------+-------------+------------+
|   stage   | iterations  |    time    |
+-----------+-------------+------------+
| test.json | 12001/30524 | 0:00/ 0:00 |
+-----------+-------------+------------+

2022-09-01 02:35:04,188 - utils - INFO - 
+-----------+-------------+------------+
|   stage   | iterations  |    time    |
+-----------+-------------+------------+
| test.json | 14001/30524 | 0:00/ 0:00 |
+-----------+-------------+------------+

2022-09-01 02:35:04,294 - utils - INFO - 
+-----------+-------------+------------+
|   stage   | iterations  |    time    |
+-----------+-------------+------------+
| test.json | 16001/30524 | 0:00/ 0:00 |
+-----------+-------------+------------+

2022-09-01 02:35:04,408 - utils - INFO - 
+-----------+-------------+------------+
|   stage   | iterations  |    time    |
+-----------+-------------+------------+
| test.json | 18001/30524 | 0:00/ 0:00 |
+-----------+-------------+------------+

2022-09-01 02:35:04,526 - utils - INFO - 
+-----------+-------------+------------+
|   stage   | iterations  |    time    |
+-----------+-------------+------------+
| test.json | 20001/30524 | 0:01/ 0:00 |
+-----------+-------------+------------+

2022-09-01 02:35:04,652 - utils - INFO - 
+-----------+-------------+------------+
|   stage   | iterations  |    time    |
+-----------+-------------+------------+
| test.json | 22001/30524 | 0:01/ 0:00 |
+-----------+-------------+------------+

2022-09-01 02:35:04,747 - utils - INFO - 
+-----------+-------------+------------+
|   stage   | iterations  |    time    |
+-----------+-------------+------------+
| test.json | 24001/30524 | 0:01/ 0:00 |
+-----------+-------------+------------+

2022-09-01 02:35:04,859 - utils - INFO - 
+-----------+-------------+------------+
|   stage   | iterations  |    time    |
+-----------+-------------+------------+
| test.json | 26001/30524 | 0:01/ 0:00 |
+-----------+-------------+------------+

2022-09-01 02:35:04,979 - utils - INFO - 
+-----------+-------------+------------+
|   stage   | iterations  |    time    |
+-----------+-------------+------------+
| test.json | 28001/30524 | 0:01/ 0:00 |
+-----------+-------------+------------+

2022-09-01 02:35:05,086 - utils - INFO - 
+-----------+-------------+------------+
|   stage   | iterations  |    time    |
+-----------+-------------+------------+
| test.json | 30001/30524 | 0:01/ 0:00 |
+-----------+-------------+------------+

2022-09-01 02:35:05,112 - utils - INFO - 
+-----------+-------------+------------+
|   stage   | iterations  |    time    |
+-----------+-------------+------------+
| test.json | 30524/30524 | 0:01/ 0:00 |
+-----------+-------------+------------+

2022-09-01 02:35:05,276 - data_generation.utils - INFO - Process test.json successfully.
2022-09-01 02:35:05,276 - data_generation.utils - INFO - Start to process train.json.
2022-09-01 02:35:07,354 - utils - INFO - 
+------------+------------+------------+
|   stage    | iterations |    time    |
+------------+------------+------------+
| train.json |  1/244192  | 0:00/ 2:11 |
+------------+------------+------------+

2022-09-01 02:35:07,425 - utils - INFO - 
+------------+-------------+------------+
|   stage    | iterations  |    time    |
+------------+-------------+------------+
| train.json | 2001/244192 | 0:00/ 0:08 |
+------------+-------------+------------+

2022-09-01 02:35:07,496 - utils - INFO - 
+------------+-------------+------------+
|   stage    | iterations  |    time    |
+------------+-------------+------------+
| train.json | 4001/244192 | 0:00/ 0:08 |
+------------+-------------+------------+

2022-09-01 02:35:07,565 - utils - INFO - 
+------------+-------------+------------+
|   stage    | iterations  |    time    |
+------------+-------------+------------+
| train.json | 6001/244192 | 0:00/ 0:08 |
+------------+-------------+------------+

2022-09-01 02:35:07,647 - utils - INFO - 
+------------+-------------+------------+
|   stage    | iterations  |    time    |
+------------+-------------+------------+
| train.json | 8001/244192 | 0:00/ 0:08 |
+------------+-------------+------------+

2022-09-01 02:35:07,715 - utils - INFO - 
+------------+--------------+------------+
|   stage    |  iterations  |    time    |
+------------+--------------+------------+
| train.json | 10001/244192 | 0:00/ 0:08 |
+------------+--------------+------------+

2022-09-01 02:35:07,791 - utils - INFO - 
+------------+--------------+------------+
|   stage    |  iterations  |    time    |
+------------+--------------+------------+
| train.json | 12001/244192 | 0:00/ 0:08 |
+------------+--------------+------------+

2022-09-01 02:35:07,866 - utils - INFO - 
+------------+--------------+------------+
|   stage    |  iterations  |    time    |
+------------+--------------+------------+
| train.json | 14001/244192 | 0:00/ 0:08 |
+------------+--------------+------------+

2022-09-01 02:35:07,933 - utils - INFO - 
+------------+--------------+------------+
|   stage    |  iterations  |    time    |
+------------+--------------+------------+
| train.json | 16001/244192 | 0:00/ 0:08 |
+------------+--------------+------------+

2022-09-01 02:35:08,001 - utils - INFO - 
+------------+--------------+------------+
|   stage    |  iterations  |    time    |
+------------+--------------+------------+
| train.json | 18001/244192 | 0:00/ 0:08 |
+------------+--------------+------------+

2022-09-01 02:35:08,070 - utils - INFO - 
+------------+--------------+------------+
|   stage    |  iterations  |    time    |
+------------+--------------+------------+
| train.json | 20001/244192 | 0:00/ 0:08 |
+------------+--------------+------------+

2022-09-01 02:35:08,143 - utils - INFO - 
+------------+--------------+------------+
|   stage    |  iterations  |    time    |
+------------+--------------+------------+
| train.json | 22001/244192 | 0:00/ 0:07 |
+------------+--------------+------------+

2022-09-01 02:35:08,215 - utils - INFO - 
+------------+--------------+------------+
|   stage    |  iterations  |    time    |
+------------+--------------+------------+
| train.json | 24001/244192 | 0:00/ 0:07 |
+------------+--------------+------------+

2022-09-01 02:35:08,292 - utils - INFO - 
+------------+--------------+------------+
|   stage    |  iterations  |    time    |
+------------+--------------+------------+
| train.json | 26001/244192 | 0:00/ 0:07 |
+------------+--------------+------------+

2022-09-01 02:35:08,366 - utils - INFO - 
+------------+--------------+------------+
|   stage    |  iterations  |    time    |
+------------+--------------+------------+
| train.json | 28001/244192 | 0:01/ 0:07 |
+------------+--------------+------------+

2022-09-01 02:35:08,449 - utils - INFO - 
+------------+--------------+------------+
|   stage    |  iterations  |    time    |
+------------+--------------+------------+
| train.json | 30001/244192 | 0:01/ 0:07 |
+------------+--------------+------------+

2022-09-01 02:35:08,520 - utils - INFO - 
+------------+--------------+------------+
|   stage    |  iterations  |    time    |
+------------+--------------+------------+
| train.json | 32001/244192 | 0:01/ 0:07 |
+------------+--------------+------------+

2022-09-01 02:35:08,604 - utils - INFO - 
+------------+--------------+------------+
|   stage    |  iterations  |    time    |
+------------+--------------+------------+
| train.json | 34001/244192 | 0:01/ 0:07 |
+------------+--------------+------------+

2022-09-01 02:35:08,680 - utils - INFO - 
+------------+--------------+------------+
|   stage    |  iterations  |    time    |
+------------+--------------+------------+
| train.json | 36001/244192 | 0:01/ 0:07 |
+------------+--------------+------------+

2022-09-01 02:35:08,751 - utils - INFO - 
+------------+--------------+------------+
|   stage    |  iterations  |    time    |
+------------+--------------+------------+
| train.json | 38001/244192 | 0:01/ 0:07 |
+------------+--------------+------------+

2022-09-01 02:35:08,824 - utils - INFO - 
+------------+--------------+------------+
|   stage    |  iterations  |    time    |
+------------+--------------+------------+
| train.json | 40001/244192 | 0:01/ 0:07 |
+------------+--------------+------------+

2022-09-01 02:35:08,906 - utils - INFO - 
+------------+--------------+------------+
|   stage    |  iterations  |    time    |
+------------+--------------+------------+
| train.json | 42001/244192 | 0:01/ 0:07 |
+------------+--------------+------------+

2022-09-01 02:35:08,977 - utils - INFO - 
+------------+--------------+------------+
|   stage    |  iterations  |    time    |
+------------+--------------+------------+
| train.json | 44001/244192 | 0:01/ 0:07 |
+------------+--------------+------------+

2022-09-01 02:35:09,048 - utils - INFO - 
+------------+--------------+------------+
|   stage    |  iterations  |    time    |
+------------+--------------+------------+
| train.json | 46001/244192 | 0:01/ 0:07 |
+------------+--------------+------------+

2022-09-01 02:35:09,126 - utils - INFO - 
+------------+--------------+------------+
|   stage    |  iterations  |    time    |
+------------+--------------+------------+
| train.json | 48001/244192 | 0:01/ 0:07 |
+------------+--------------+------------+

2022-09-01 02:35:09,196 - utils - INFO - 
+------------+--------------+------------+
|   stage    |  iterations  |    time    |
+------------+--------------+------------+
| train.json | 50001/244192 | 0:01/ 0:07 |
+------------+--------------+------------+

2022-09-01 02:35:09,265 - utils - INFO - 
+------------+--------------+------------+
|   stage    |  iterations  |    time    |
+------------+--------------+------------+
| train.json | 52001/244192 | 0:01/ 0:07 |
+------------+--------------+------------+

2022-09-01 02:35:09,333 - utils - INFO - 
+------------+--------------+------------+
|   stage    |  iterations  |    time    |
+------------+--------------+------------+
| train.json | 54001/244192 | 0:01/ 0:06 |
+------------+--------------+------------+

2022-09-01 02:35:09,401 - utils - INFO - 
+------------+--------------+------------+
|   stage    |  iterations  |    time    |
+------------+--------------+------------+
| train.json | 56001/244192 | 0:02/ 0:06 |
+------------+--------------+------------+

2022-09-01 02:35:09,469 - utils - INFO - 
+------------+--------------+------------+
|   stage    |  iterations  |    time    |
+------------+--------------+------------+
| train.json | 58001/244192 | 0:02/ 0:06 |
+------------+--------------+------------+

2022-09-01 02:35:09,539 - utils - INFO - 
+------------+--------------+------------+
|   stage    |  iterations  |    time    |
+------------+--------------+------------+
| train.json | 60001/244192 | 0:02/ 0:06 |
+------------+--------------+------------+

2022-09-01 02:35:09,623 - utils - INFO - 
+------------+--------------+------------+
|   stage    |  iterations  |    time    |
+------------+--------------+------------+
| train.json | 62001/244192 | 0:02/ 0:06 |
+------------+--------------+------------+

2022-09-01 02:35:09,699 - utils - INFO - 
+------------+--------------+------------+
|   stage    |  iterations  |    time    |
+------------+--------------+------------+
| train.json | 64001/244192 | 0:02/ 0:06 |
+------------+--------------+------------+

2022-09-01 02:35:09,769 - utils - INFO - 
+------------+--------------+------------+
|   stage    |  iterations  |    time    |
+------------+--------------+------------+
| train.json | 66001/244192 | 0:02/ 0:06 |
+------------+--------------+------------+

2022-09-01 02:35:09,855 - utils - INFO - 
+------------+--------------+------------+
|   stage    |  iterations  |    time    |
+------------+--------------+------------+
| train.json | 68001/244192 | 0:02/ 0:06 |
+------------+--------------+------------+

2022-09-01 02:35:09,929 - utils - INFO - 
+------------+--------------+------------+
|   stage    |  iterations  |    time    |
+------------+--------------+------------+
| train.json | 70001/244192 | 0:02/ 0:06 |
+------------+--------------+------------+

2022-09-01 02:35:10,002 - utils - INFO - 
+------------+--------------+------------+
|   stage    |  iterations  |    time    |
+------------+--------------+------------+
| train.json | 72001/244192 | 0:02/ 0:06 |
+------------+--------------+------------+

2022-09-01 02:35:10,071 - utils - INFO - 
+------------+--------------+------------+
|   stage    |  iterations  |    time    |
+------------+--------------+------------+
| train.json | 74001/244192 | 0:02/ 0:06 |
+------------+--------------+------------+

2022-09-01 02:35:10,146 - utils - INFO - 
+------------+--------------+------------+
|   stage    |  iterations  |    time    |
+------------+--------------+------------+
| train.json | 76001/244192 | 0:02/ 0:06 |
+------------+--------------+------------+

2022-09-01 02:35:10,219 - utils - INFO - 
+------------+--------------+------------+
|   stage    |  iterations  |    time    |
+------------+--------------+------------+
| train.json | 78001/244192 | 0:02/ 0:06 |
+------------+--------------+------------+

2022-09-01 02:35:10,289 - utils - INFO - 
+------------+--------------+------------+
|   stage    |  iterations  |    time    |
+------------+--------------+------------+
| train.json | 80001/244192 | 0:02/ 0:06 |
+------------+--------------+------------+

2022-09-01 02:35:10,380 - utils - INFO - 
+------------+--------------+------------+
|   stage    |  iterations  |    time    |
+------------+--------------+------------+
| train.json | 82001/244192 | 0:03/ 0:05 |
+------------+--------------+------------+

2022-09-01 02:35:10,449 - utils - INFO - 
+------------+--------------+------------+
|   stage    |  iterations  |    time    |
+------------+--------------+------------+
| train.json | 84001/244192 | 0:03/ 0:05 |
+------------+--------------+------------+

2022-09-01 02:35:10,517 - utils - INFO - 
+------------+--------------+------------+
|   stage    |  iterations  |    time    |
+------------+--------------+------------+
| train.json | 86001/244192 | 0:03/ 0:05 |
+------------+--------------+------------+

2022-09-01 02:35:10,601 - utils - INFO - 
+------------+--------------+------------+
|   stage    |  iterations  |    time    |
+------------+--------------+------------+
| train.json | 88001/244192 | 0:03/ 0:05 |
+------------+--------------+------------+

2022-09-01 02:35:10,676 - utils - INFO - 
+------------+--------------+------------+
|   stage    |  iterations  |    time    |
+------------+--------------+------------+
| train.json | 90001/244192 | 0:03/ 0:05 |
+------------+--------------+------------+

2022-09-01 02:35:10,756 - utils - INFO - 
+------------+--------------+------------+
|   stage    |  iterations  |    time    |
+------------+--------------+------------+
| train.json | 92001/244192 | 0:03/ 0:05 |
+------------+--------------+------------+

2022-09-01 02:35:10,826 - utils - INFO - 
+------------+--------------+------------+
|   stage    |  iterations  |    time    |
+------------+--------------+------------+
| train.json | 94001/244192 | 0:03/ 0:05 |
+------------+--------------+------------+

2022-09-01 02:35:10,895 - utils - INFO - 
+------------+--------------+------------+
|   stage    |  iterations  |    time    |
+------------+--------------+------------+
| train.json | 96001/244192 | 0:03/ 0:05 |
+------------+--------------+------------+

2022-09-01 02:35:10,963 - utils - INFO - 
+------------+--------------+------------+
|   stage    |  iterations  |    time    |
+------------+--------------+------------+
| train.json | 98001/244192 | 0:03/ 0:05 |
+------------+--------------+------------+

2022-09-01 02:35:11,047 - utils - INFO - 
+------------+---------------+------------+
|   stage    |  iterations   |    time    |
+------------+---------------+------------+
| train.json | 100001/244192 | 0:03/ 0:05 |
+------------+---------------+------------+

2022-09-01 02:35:11,120 - utils - INFO - 
+------------+---------------+------------+
|   stage    |  iterations   |    time    |
+------------+---------------+------------+
| train.json | 102001/244192 | 0:03/ 0:05 |
+------------+---------------+------------+

2022-09-01 02:35:11,196 - utils - INFO - 
+------------+---------------+------------+
|   stage    |  iterations   |    time    |
+------------+---------------+------------+
| train.json | 104001/244192 | 0:03/ 0:05 |
+------------+---------------+------------+

2022-09-01 02:35:11,275 - utils - INFO - 
+------------+---------------+------------+
|   stage    |  iterations   |    time    |
+------------+---------------+------------+
| train.json | 106001/244192 | 0:03/ 0:05 |
+------------+---------------+------------+

2022-09-01 02:35:11,349 - utils - INFO - 
+------------+---------------+------------+
|   stage    |  iterations   |    time    |
+------------+---------------+------------+
| train.json | 108001/244192 | 0:03/ 0:05 |
+------------+---------------+------------+

2022-09-01 02:35:11,419 - utils - INFO - 
+------------+---------------+------------+
|   stage    |  iterations   |    time    |
+------------+---------------+------------+
| train.json | 110001/244192 | 0:04/ 0:04 |
+------------+---------------+------------+

2022-09-01 02:35:11,493 - utils - INFO - 
+------------+---------------+------------+
|   stage    |  iterations   |    time    |
+------------+---------------+------------+
| train.json | 112001/244192 | 0:04/ 0:04 |
+------------+---------------+------------+

2022-09-01 02:35:11,562 - utils - INFO - 
+------------+---------------+------------+
|   stage    |  iterations   |    time    |
+------------+---------------+------------+
| train.json | 114001/244192 | 0:04/ 0:04 |
+------------+---------------+------------+

2022-09-01 02:35:11,647 - utils - INFO - 
+------------+---------------+------------+
|   stage    |  iterations   |    time    |
+------------+---------------+------------+
| train.json | 116001/244192 | 0:04/ 0:04 |
+------------+---------------+------------+

2022-09-01 02:35:11,720 - utils - INFO - 
+------------+---------------+------------+
|   stage    |  iterations   |    time    |
+------------+---------------+------------+
| train.json | 118001/244192 | 0:04/ 0:04 |
+------------+---------------+------------+

2022-09-01 02:35:11,788 - utils - INFO - 
+------------+---------------+------------+
|   stage    |  iterations   |    time    |
+------------+---------------+------------+
| train.json | 120001/244192 | 0:04/ 0:04 |
+------------+---------------+------------+

2022-09-01 02:35:11,857 - utils - INFO - 
+------------+---------------+------------+
|   stage    |  iterations   |    time    |
+------------+---------------+------------+
| train.json | 122001/244192 | 0:04/ 0:04 |
+------------+---------------+------------+

2022-09-01 02:35:11,927 - utils - INFO - 
+------------+---------------+------------+
|   stage    |  iterations   |    time    |
+------------+---------------+------------+
| train.json | 124001/244192 | 0:04/ 0:04 |
+------------+---------------+------------+

2022-09-01 02:35:11,998 - utils - INFO - 
+------------+---------------+------------+
|   stage    |  iterations   |    time    |
+------------+---------------+------------+
| train.json | 126001/244192 | 0:04/ 0:04 |
+------------+---------------+------------+

2022-09-01 02:35:12,069 - utils - INFO - 
+------------+---------------+------------+
|   stage    |  iterations   |    time    |
+------------+---------------+------------+
| train.json | 128001/244192 | 0:04/ 0:04 |
+------------+---------------+------------+

2022-09-01 02:35:12,157 - utils - INFO - 
+------------+---------------+------------+
|   stage    |  iterations   |    time    |
+------------+---------------+------------+
| train.json | 130001/244192 | 0:04/ 0:04 |
+------------+---------------+------------+

2022-09-01 02:35:12,236 - utils - INFO - 
+------------+---------------+------------+
|   stage    |  iterations   |    time    |
+------------+---------------+------------+
| train.json | 132001/244192 | 0:04/ 0:04 |
+------------+---------------+------------+

2022-09-01 02:35:12,306 - utils - INFO - 
+------------+---------------+------------+
|   stage    |  iterations   |    time    |
+------------+---------------+------------+
| train.json | 134001/244192 | 0:04/ 0:04 |
+------------+---------------+------------+

2022-09-01 02:35:12,377 - utils - INFO - 
+------------+---------------+------------+
|   stage    |  iterations   |    time    |
+------------+---------------+------------+
| train.json | 136001/244192 | 0:05/ 0:03 |
+------------+---------------+------------+

2022-09-01 02:35:12,448 - utils - INFO - 
+------------+---------------+------------+
|   stage    |  iterations   |    time    |
+------------+---------------+------------+
| train.json | 138001/244192 | 0:05/ 0:03 |
+------------+---------------+------------+

2022-09-01 02:35:12,518 - utils - INFO - 
+------------+---------------+------------+
|   stage    |  iterations   |    time    |
+------------+---------------+------------+
| train.json | 140001/244192 | 0:05/ 0:03 |
+------------+---------------+------------+

2022-09-01 02:35:12,595 - utils - INFO - 
+------------+---------------+------------+
|   stage    |  iterations   |    time    |
+------------+---------------+------------+
| train.json | 142001/244192 | 0:05/ 0:03 |
+------------+---------------+------------+

2022-09-01 02:35:12,667 - utils - INFO - 
+------------+---------------+------------+
|   stage    |  iterations   |    time    |
+------------+---------------+------------+
| train.json | 144001/244192 | 0:05/ 0:03 |
+------------+---------------+------------+

2022-09-01 02:35:12,739 - utils - INFO - 
+------------+---------------+------------+
|   stage    |  iterations   |    time    |
+------------+---------------+------------+
| train.json | 146001/244192 | 0:05/ 0:03 |
+------------+---------------+------------+

2022-09-01 02:35:12,806 - utils - INFO - 
+------------+---------------+------------+
|   stage    |  iterations   |    time    |
+------------+---------------+------------+
| train.json | 148001/244192 | 0:05/ 0:03 |
+------------+---------------+------------+

2022-09-01 02:35:12,880 - utils - INFO - 
+------------+---------------+------------+
|   stage    |  iterations   |    time    |
+------------+---------------+------------+
| train.json | 150001/244192 | 0:05/ 0:03 |
+------------+---------------+------------+

2022-09-01 02:35:12,956 - utils - INFO - 
+------------+---------------+------------+
|   stage    |  iterations   |    time    |
+------------+---------------+------------+
| train.json | 152001/244192 | 0:05/ 0:03 |
+------------+---------------+------------+

2022-09-01 02:35:13,023 - utils - INFO - 
+------------+---------------+------------+
|   stage    |  iterations   |    time    |
+------------+---------------+------------+
| train.json | 154001/244192 | 0:05/ 0:03 |
+------------+---------------+------------+

2022-09-01 02:35:13,101 - utils - INFO - 
+------------+---------------+------------+
|   stage    |  iterations   |    time    |
+------------+---------------+------------+
| train.json | 156001/244192 | 0:05/ 0:03 |
+------------+---------------+------------+

2022-09-01 02:35:13,175 - utils - INFO - 
+------------+---------------+------------+
|   stage    |  iterations   |    time    |
+------------+---------------+------------+
| train.json | 158001/244192 | 0:05/ 0:03 |
+------------+---------------+------------+

2022-09-01 02:35:13,242 - utils - INFO - 
+------------+---------------+------------+
|   stage    |  iterations   |    time    |
+------------+---------------+------------+
| train.json | 160001/244192 | 0:05/ 0:03 |
+------------+---------------+------------+

2022-09-01 02:35:13,308 - utils - INFO - 
+------------+---------------+------------+
|   stage    |  iterations   |    time    |
+------------+---------------+------------+
| train.json | 162001/244192 | 0:05/ 0:03 |
+------------+---------------+------------+

2022-09-01 02:35:13,377 - utils - INFO - 
+------------+---------------+------------+
|   stage    |  iterations   |    time    |
+------------+---------------+------------+
| train.json | 164001/244192 | 0:06/ 0:02 |
+------------+---------------+------------+

2022-09-01 02:35:13,445 - utils - INFO - 
+------------+---------------+------------+
|   stage    |  iterations   |    time    |
+------------+---------------+------------+
| train.json | 166001/244192 | 0:06/ 0:02 |
+------------+---------------+------------+

2022-09-01 02:35:13,513 - utils - INFO - 
+------------+---------------+------------+
|   stage    |  iterations   |    time    |
+------------+---------------+------------+
| train.json | 168001/244192 | 0:06/ 0:02 |
+------------+---------------+------------+

2022-09-01 02:35:13,585 - utils - INFO - 
+------------+---------------+------------+
|   stage    |  iterations   |    time    |
+------------+---------------+------------+
| train.json | 170001/244192 | 0:06/ 0:02 |
+------------+---------------+------------+

2022-09-01 02:35:13,658 - utils - INFO - 
+------------+---------------+------------+
|   stage    |  iterations   |    time    |
+------------+---------------+------------+
| train.json | 172001/244192 | 0:06/ 0:02 |
+------------+---------------+------------+

2022-09-01 02:35:13,723 - utils - INFO - 
+------------+---------------+------------+
|   stage    |  iterations   |    time    |
+------------+---------------+------------+
| train.json | 174001/244192 | 0:06/ 0:02 |
+------------+---------------+------------+

2022-09-01 02:35:13,793 - utils - INFO - 
+------------+---------------+------------+
|   stage    |  iterations   |    time    |
+------------+---------------+------------+
| train.json | 176001/244192 | 0:06/ 0:02 |
+------------+---------------+------------+

2022-09-01 02:35:13,863 - utils - INFO - 
+------------+---------------+------------+
|   stage    |  iterations   |    time    |
+------------+---------------+------------+
| train.json | 178001/244192 | 0:06/ 0:02 |
+------------+---------------+------------+

2022-09-01 02:35:13,929 - utils - INFO - 
+------------+---------------+------------+
|   stage    |  iterations   |    time    |
+------------+---------------+------------+
| train.json | 180001/244192 | 0:06/ 0:02 |
+------------+---------------+------------+

2022-09-01 02:35:13,997 - utils - INFO - 
+------------+---------------+------------+
|   stage    |  iterations   |    time    |
+------------+---------------+------------+
| train.json | 182001/244192 | 0:06/ 0:02 |
+------------+---------------+------------+

2022-09-01 02:35:14,065 - utils - INFO - 
+------------+---------------+------------+
|   stage    |  iterations   |    time    |
+------------+---------------+------------+
| train.json | 184001/244192 | 0:06/ 0:02 |
+------------+---------------+------------+

2022-09-01 02:35:14,132 - utils - INFO - 
+------------+---------------+------------+
|   stage    |  iterations   |    time    |
+------------+---------------+------------+
| train.json | 186001/244192 | 0:06/ 0:02 |
+------------+---------------+------------+

2022-09-01 02:35:14,201 - utils - INFO - 
+------------+---------------+------------+
|   stage    |  iterations   |    time    |
+------------+---------------+------------+
| train.json | 188001/244192 | 0:06/ 0:02 |
+------------+---------------+------------+

2022-09-01 02:35:14,268 - utils - INFO - 
+------------+---------------+------------+
|   stage    |  iterations   |    time    |
+------------+---------------+------------+
| train.json | 190001/244192 | 0:06/ 0:01 |
+------------+---------------+------------+

2022-09-01 02:35:14,335 - utils - INFO - 
+------------+---------------+------------+
|   stage    |  iterations   |    time    |
+------------+---------------+------------+
| train.json | 192001/244192 | 0:06/ 0:01 |
+------------+---------------+------------+

2022-09-01 02:35:14,409 - utils - INFO - 
+------------+---------------+------------+
|   stage    |  iterations   |    time    |
+------------+---------------+------------+
| train.json | 194001/244192 | 0:07/ 0:01 |
+------------+---------------+------------+

2022-09-01 02:35:14,488 - utils - INFO - 
+------------+---------------+------------+
|   stage    |  iterations   |    time    |
+------------+---------------+------------+
| train.json | 196001/244192 | 0:07/ 0:01 |
+------------+---------------+------------+

2022-09-01 02:35:14,563 - utils - INFO - 
+------------+---------------+------------+
|   stage    |  iterations   |    time    |
+------------+---------------+------------+
| train.json | 198001/244192 | 0:07/ 0:01 |
+------------+---------------+------------+

2022-09-01 02:35:14,654 - utils - INFO - 
+------------+---------------+------------+
|   stage    |  iterations   |    time    |
+------------+---------------+------------+
| train.json | 200001/244192 | 0:07/ 0:01 |
+------------+---------------+------------+

2022-09-01 02:35:14,723 - utils - INFO - 
+------------+---------------+------------+
|   stage    |  iterations   |    time    |
+------------+---------------+------------+
| train.json | 202001/244192 | 0:07/ 0:01 |
+------------+---------------+------------+

2022-09-01 02:35:14,794 - utils - INFO - 
+------------+---------------+------------+
|   stage    |  iterations   |    time    |
+------------+---------------+------------+
| train.json | 204001/244192 | 0:07/ 0:01 |
+------------+---------------+------------+

2022-09-01 02:35:14,867 - utils - INFO - 
+------------+---------------+------------+
|   stage    |  iterations   |    time    |
+------------+---------------+------------+
| train.json | 206001/244192 | 0:07/ 0:01 |
+------------+---------------+------------+

2022-09-01 02:35:14,940 - utils - INFO - 
+------------+---------------+------------+
|   stage    |  iterations   |    time    |
+------------+---------------+------------+
| train.json | 208001/244192 | 0:07/ 0:01 |
+------------+---------------+------------+

2022-09-01 02:35:15,010 - utils - INFO - 
+------------+---------------+------------+
|   stage    |  iterations   |    time    |
+------------+---------------+------------+
| train.json | 210001/244192 | 0:07/ 0:01 |
+------------+---------------+------------+

2022-09-01 02:35:15,078 - utils - INFO - 
+------------+---------------+------------+
|   stage    |  iterations   |    time    |
+------------+---------------+------------+
| train.json | 212001/244192 | 0:07/ 0:01 |
+------------+---------------+------------+

2022-09-01 02:35:15,148 - utils - INFO - 
+------------+---------------+------------+
|   stage    |  iterations   |    time    |
+------------+---------------+------------+
| train.json | 214001/244192 | 0:07/ 0:01 |
+------------+---------------+------------+

2022-09-01 02:35:15,221 - utils - INFO - 
+------------+---------------+------------+
|   stage    |  iterations   |    time    |
+------------+---------------+------------+
| train.json | 216001/244192 | 0:07/ 0:01 |
+------------+---------------+------------+

2022-09-01 02:35:15,301 - utils - INFO - 
+------------+---------------+------------+
|   stage    |  iterations   |    time    |
+------------+---------------+------------+
| train.json | 218001/244192 | 0:07/ 0:00 |
+------------+---------------+------------+

2022-09-01 02:35:15,369 - utils - INFO - 
+------------+---------------+------------+
|   stage    |  iterations   |    time    |
+------------+---------------+------------+
| train.json | 220001/244192 | 0:08/ 0:00 |
+------------+---------------+------------+

2022-09-01 02:35:15,439 - utils - INFO - 
+------------+---------------+------------+
|   stage    |  iterations   |    time    |
+------------+---------------+------------+
| train.json | 222001/244192 | 0:08/ 0:00 |
+------------+---------------+------------+

2022-09-01 02:35:15,510 - utils - INFO - 
+------------+---------------+------------+
|   stage    |  iterations   |    time    |
+------------+---------------+------------+
| train.json | 224001/244192 | 0:08/ 0:00 |
+------------+---------------+------------+

2022-09-01 02:35:15,584 - utils - INFO - 
+------------+---------------+------------+
|   stage    |  iterations   |    time    |
+------------+---------------+------------+
| train.json | 226001/244192 | 0:08/ 0:00 |
+------------+---------------+------------+

2022-09-01 02:35:15,669 - utils - INFO - 
+------------+---------------+------------+
|   stage    |  iterations   |    time    |
+------------+---------------+------------+
| train.json | 228001/244192 | 0:08/ 0:00 |
+------------+---------------+------------+

2022-09-01 02:35:15,741 - utils - INFO - 
+------------+---------------+------------+
|   stage    |  iterations   |    time    |
+------------+---------------+------------+
| train.json | 230001/244192 | 0:08/ 0:00 |
+------------+---------------+------------+

2022-09-01 02:35:15,807 - utils - INFO - 
+------------+---------------+------------+
|   stage    |  iterations   |    time    |
+------------+---------------+------------+
| train.json | 232001/244192 | 0:08/ 0:00 |
+------------+---------------+------------+

2022-09-01 02:35:15,877 - utils - INFO - 
+------------+---------------+------------+
|   stage    |  iterations   |    time    |
+------------+---------------+------------+
| train.json | 234001/244192 | 0:08/ 0:00 |
+------------+---------------+------------+

2022-09-01 02:35:15,951 - utils - INFO - 
+------------+---------------+------------+
|   stage    |  iterations   |    time    |
+------------+---------------+------------+
| train.json | 236001/244192 | 0:08/ 0:00 |
+------------+---------------+------------+

2022-09-01 02:35:16,019 - utils - INFO - 
+------------+---------------+------------+
|   stage    |  iterations   |    time    |
+------------+---------------+------------+
| train.json | 238001/244192 | 0:08/ 0:00 |
+------------+---------------+------------+

2022-09-01 02:35:16,087 - utils - INFO - 
+------------+---------------+------------+
|   stage    |  iterations   |    time    |
+------------+---------------+------------+
| train.json | 240001/244192 | 0:08/ 0:00 |
+------------+---------------+------------+

2022-09-01 02:35:16,157 - utils - INFO - 
+------------+---------------+------------+
|   stage    |  iterations   |    time    |
+------------+---------------+------------+
| train.json | 242001/244192 | 0:08/ 0:00 |
+------------+---------------+------------+

2022-09-01 02:35:16,229 - utils - INFO - 
+------------+---------------+------------+
|   stage    |  iterations   |    time    |
+------------+---------------+------------+
| train.json | 244001/244192 | 0:08/ 0:00 |
+------------+---------------+------------+

2022-09-01 02:35:16,237 - utils - INFO - 
+------------+---------------+------------+
|   stage    |  iterations   |    time    |
+------------+---------------+------------+
| train.json | 244192/244192 | 0:08/ 0:00 |
+------------+---------------+------------+

2022-09-01 02:35:17,174 - data_generation.utils - INFO - Process train.json successfully.
2022-09-01 02:35:17,174 - data_generation.utils - INFO - Start to process valid.json.
2022-09-01 02:35:17,480 - utils - INFO - 
+------------+------------+------------+
|   stage    | iterations |    time    |
+------------+------------+------------+
| valid.json |  1/30524   | 0:00/ 0:15 |
+------------+------------+------------+

2022-09-01 02:35:17,559 - utils - INFO - 
+------------+------------+------------+
|   stage    | iterations |    time    |
+------------+------------+------------+
| valid.json | 2001/30524 | 0:00/ 0:01 |
+------------+------------+------------+

2022-09-01 02:35:17,653 - utils - INFO - 
+------------+------------+------------+
|   stage    | iterations |    time    |
+------------+------------+------------+
| valid.json | 4001/30524 | 0:00/ 0:01 |
+------------+------------+------------+

2022-09-01 02:35:17,727 - utils - INFO - 
+------------+------------+------------+
|   stage    | iterations |    time    |
+------------+------------+------------+
| valid.json | 6001/30524 | 0:00/ 0:01 |
+------------+------------+------------+

2022-09-01 02:35:17,802 - utils - INFO - 
+------------+------------+------------+
|   stage    | iterations |    time    |
+------------+------------+------------+
| valid.json | 8001/30524 | 0:00/ 0:00 |
+------------+------------+------------+

2022-09-01 02:35:17,878 - utils - INFO - 
+------------+-------------+------------+
|   stage    | iterations  |    time    |
+------------+-------------+------------+
| valid.json | 10001/30524 | 0:00/ 0:00 |
+------------+-------------+------------+

2022-09-01 02:35:17,952 - utils - INFO - 
+------------+-------------+------------+
|   stage    | iterations  |    time    |
+------------+-------------+------------+
| valid.json | 12001/30524 | 0:00/ 0:00 |
+------------+-------------+------------+

2022-09-01 02:35:18,020 - utils - INFO - 
+------------+-------------+------------+
|   stage    | iterations  |    time    |
+------------+-------------+------------+
| valid.json | 14001/30524 | 0:00/ 0:00 |
+------------+-------------+------------+

2022-09-01 02:35:18,094 - utils - INFO - 
+------------+-------------+------------+
|   stage    | iterations  |    time    |
+------------+-------------+------------+
| valid.json | 16001/30524 | 0:00/ 0:00 |
+------------+-------------+------------+

2022-09-01 02:35:18,162 - utils - INFO - 
+------------+-------------+------------+
|   stage    | iterations  |    time    |
+------------+-------------+------------+
| valid.json | 18001/30524 | 0:00/ 0:00 |
+------------+-------------+------------+

2022-09-01 02:35:18,230 - utils - INFO - 
+------------+-------------+------------+
|   stage    | iterations  |    time    |
+------------+-------------+------------+
| valid.json | 20001/30524 | 0:00/ 0:00 |
+------------+-------------+------------+

2022-09-01 02:35:18,302 - utils - INFO - 
+------------+-------------+------------+
|   stage    | iterations  |    time    |
+------------+-------------+------------+
| valid.json | 22001/30524 | 0:00/ 0:00 |
+------------+-------------+------------+

2022-09-01 02:35:18,370 - utils - INFO - 
+------------+-------------+------------+
|   stage    | iterations  |    time    |
+------------+-------------+------------+
| valid.json | 24001/30524 | 0:00/ 0:00 |
+------------+-------------+------------+

2022-09-01 02:35:18,456 - utils - INFO - 
+------------+-------------+------------+
|   stage    | iterations  |    time    |
+------------+-------------+------------+
| valid.json | 26001/30524 | 0:00/ 0:00 |
+------------+-------------+------------+

2022-09-01 02:35:18,528 - utils - INFO - 
+------------+-------------+------------+
|   stage    | iterations  |    time    |
+------------+-------------+------------+
| valid.json | 28001/30524 | 0:01/ 0:00 |
+------------+-------------+------------+

2022-09-01 02:35:18,606 - utils - INFO - 
+------------+-------------+------------+
|   stage    | iterations  |    time    |
+------------+-------------+------------+
| valid.json | 30001/30524 | 0:01/ 0:00 |
+------------+-------------+------------+

2022-09-01 02:35:18,626 - utils - INFO - 
+------------+-------------+------------+
|   stage    | iterations  |    time    |
+------------+-------------+------------+
| valid.json | 30524/30524 | 0:01/ 0:00 |
+------------+-------------+------------+

2022-09-01 02:35:18,737 - data_generation.utils - INFO - Process valid.json successfully.
2022-09-01 02:35:18,737 - data_generation.utils - INFO - Convert fact to summarization successfully.
2022-09-01 02:35:18,755 - root - INFO - Generate data successfully.
2022-12-16 06:13:11,538 - root - INFO - 



generate.py -c configs/generate/integration/config.ini
2022-12-16 06:13:11,538 - data_generation.initialize - INFO - Start to initialize.
2022-12-16 06:13:11,538 - data_generation.initialize - WARNING - The path of output results/tvt_dataset/integration does not exist.
2022-12-16 06:13:11,538 - data_generation.initialize - INFO - Make the directory automatically.
2022-12-16 06:13:11,538 - data_generation.initialize - INFO - Initialize successfully.
2022-12-16 06:13:11,538 - root - INFO - Start to generate data.
2022-12-16 06:13:11,538 - data_generation.utils - INFO - Start to get integration data.
2022-12-16 06:13:11,538 - data_generation.utils - INFO - Start to load data.
2022-12-16 06:13:11,539 - data_generation.utils - INFO - Start to process valid.json.
2022-12-16 06:13:11,826 - data_generation.utils - INFO - Process valid.json successfully.
2022-12-16 06:13:11,826 - data_generation.utils - INFO - Start to process train.json.
2022-12-16 06:13:14,263 - data_generation.utils - INFO - Process train.json successfully.
2022-12-16 06:13:14,263 - data_generation.utils - INFO - Load data successfully.
2022-12-16 06:13:21,533 - data_generation.utils - INFO - Start to copy 3A files from source to destination.
2022-12-16 06:13:21,534 - data_generation.utils - INFO - Copy 3A files from source to destination successfully.
2022-12-16 06:13:21,534 - data_generation.utils - INFO - Start to load data.
2022-12-16 06:13:21,534 - data_generation.utils - INFO - Start to process valid.json.
2022-12-16 06:13:21,704 - data_generation.utils - INFO - Process valid.json successfully.
2022-12-16 06:13:21,705 - data_generation.utils - INFO - Start to process train.json.
2022-12-16 06:13:23,215 - data_generation.utils - INFO - Process train.json successfully.
2022-12-16 06:13:23,215 - data_generation.utils - INFO - Load data successfully.
2022-12-16 06:13:54,504 - data_generation.utils - INFO - Start to write back results.
2022-12-16 06:13:54,700 - data_generation.utils - INFO - Start to write train.json.
2022-12-16 06:13:55,542 - data_generation.utils - INFO - Write train.json successfully.
2022-12-16 06:13:55,542 - data_generation.utils - INFO - Start to write valid.json.
2022-12-16 06:13:55,637 - data_generation.utils - INFO - Write valid.json successfully.
2022-12-16 06:13:55,652 - data_generation.utils - INFO - Write back results successfully.
2022-12-16 06:13:55,652 - data_generation.utils - INFO - Get integration data successfully.
2022-12-16 06:13:55,757 - root - INFO - Generate data successfully.
2022-12-16 06:20:37,499 - root - INFO - 



generate.py -c configs/generate/integration/config.ini
2022-12-16 06:20:37,499 - data_generation.initialize - INFO - Start to initialize.
2022-12-16 06:20:37,500 - data_generation.initialize - INFO - Initialize successfully.
2022-12-16 06:20:37,500 - root - INFO - Start to generate data.
2022-12-16 06:20:37,500 - data_generation.utils - INFO - Start to get integration data.
2022-12-16 06:20:37,500 - data_generation.utils - INFO - Start to load data.
2022-12-16 06:20:37,500 - data_generation.utils - INFO - Start to process valid.json.
2022-12-16 06:20:37,669 - data_generation.utils - INFO - Process valid.json successfully.
2022-12-16 06:20:37,669 - data_generation.utils - INFO - Start to process train.json.
2022-12-16 06:20:39,182 - data_generation.utils - INFO - Process train.json successfully.
2022-12-16 06:20:39,182 - data_generation.utils - INFO - Load data successfully.
2022-12-16 06:20:46,606 - data_generation.utils - INFO - Start to copy 3A files from source to destination.
2022-12-16 06:20:46,606 - data_generation.utils - INFO - Copy 3A files from source to destination successfully.
2022-12-16 06:20:46,607 - data_generation.utils - INFO - Start to load data.
2022-12-16 06:20:46,607 - data_generation.utils - INFO - Start to process valid.json.
2022-12-16 06:20:46,729 - data_generation.utils - INFO - Process valid.json successfully.
2022-12-16 06:20:46,730 - data_generation.utils - INFO - Start to process train.json.
2022-12-16 06:20:47,710 - data_generation.utils - INFO - Process train.json successfully.
2022-12-16 06:20:47,710 - data_generation.utils - INFO - Load data successfully.
2022-12-16 06:21:18,937 - data_generation.utils - INFO - Start to write back results.
2022-12-16 06:21:19,137 - data_generation.utils - INFO - Start to write train.json.
2022-12-16 06:21:19,520 - data_generation.utils - INFO - Write train.json successfully.
2022-12-16 06:21:19,520 - data_generation.utils - INFO - Start to write valid.json.
2022-12-16 06:21:21,016 - data_generation.utils - INFO - Write valid.json successfully.
2022-12-16 06:21:21,055 - data_generation.utils - INFO - Write back results successfully.
2022-12-16 06:21:21,055 - data_generation.utils - INFO - Get integration data successfully.
2022-12-16 06:21:21,164 - root - INFO - Generate data successfully.
2022-12-16 06:22:38,470 - root - INFO - 



generate.py -c configs/generate/integration/config.ini
2022-12-16 06:22:38,470 - data_generation.initialize - INFO - Start to initialize.
2022-12-16 06:22:38,470 - data_generation.initialize - INFO - Initialize successfully.
2022-12-16 06:22:38,470 - root - INFO - Start to generate data.
2022-12-16 06:22:38,470 - data_generation.utils - INFO - Start to get integration data.
2022-12-16 06:22:38,471 - data_generation.utils - INFO - Start to load data.
2022-12-16 06:22:38,471 - data_generation.utils - INFO - Start to process valid.json.
2022-12-16 06:22:38,638 - data_generation.utils - INFO - Process valid.json successfully.
2022-12-16 06:22:38,638 - data_generation.utils - INFO - Start to process train.json.
2022-12-16 06:22:40,134 - data_generation.utils - INFO - Process train.json successfully.
2022-12-16 06:22:40,134 - data_generation.utils - INFO - Load data successfully.
2022-12-16 06:22:47,470 - data_generation.utils - INFO - Start to copy 3A files from source to destination.
2022-12-16 06:22:47,471 - data_generation.utils - INFO - Copy 3A files from source to destination successfully.
2022-12-16 06:22:47,471 - data_generation.utils - INFO - Start to load data.
2022-12-16 06:22:47,471 - data_generation.utils - INFO - Start to process valid.json.
2022-12-16 06:22:47,592 - data_generation.utils - INFO - Process valid.json successfully.
2022-12-16 06:22:47,592 - data_generation.utils - INFO - Start to process train.json.
2022-12-16 06:22:48,561 - data_generation.utils - INFO - Process train.json successfully.
2022-12-16 06:22:48,561 - data_generation.utils - INFO - Load data successfully.
2022-12-16 06:23:19,641 - data_generation.utils - INFO - Start to write back results.
2022-12-16 06:23:19,840 - data_generation.utils - INFO - Start to write train.json.
2022-12-16 06:23:20,578 - data_generation.utils - INFO - Write train.json successfully.
2022-12-16 06:23:20,578 - data_generation.utils - INFO - Start to write valid.json.
2022-12-16 06:23:21,710 - data_generation.utils - INFO - Write valid.json successfully.
2022-12-16 06:23:21,751 - data_generation.utils - INFO - Write back results successfully.
2022-12-16 06:23:21,751 - data_generation.utils - INFO - Get integration data successfully.
2022-12-16 06:23:21,860 - root - INFO - Generate data successfully.
2022-12-18 02:13:17,156 - root - INFO - 



generate.py -c configs/generate/integration/config.ini
2022-12-18 02:13:17,156 - data_generation.initialize - INFO - Start to initialize.
2022-12-18 02:13:17,157 - data_generation.initialize - INFO - Initialize successfully.
2022-12-18 02:13:17,157 - root - INFO - Start to generate data.
2022-12-18 02:13:17,157 - data_generation.utils - INFO - Start to get integration data.
2022-12-18 02:13:17,157 - data_generation.utils - INFO - Start to load data.
2022-12-18 02:13:17,157 - data_generation.utils - INFO - Start to process valid.json.
2022-12-18 02:13:17,329 - data_generation.utils - INFO - Process valid.json successfully.
2022-12-18 02:13:17,329 - data_generation.utils - INFO - Start to process train.json.
2022-12-18 02:13:18,872 - data_generation.utils - INFO - Process train.json successfully.
2022-12-18 02:13:18,872 - data_generation.utils - INFO - Load data successfully.
2022-12-18 02:13:26,377 - data_generation.utils - INFO - Start to copy 3A files from source to destination.
2022-12-18 02:13:26,378 - data_generation.utils - INFO - Copy 3A files from source to destination successfully.
2022-12-18 02:13:26,378 - data_generation.utils - INFO - Start to load data.
2022-12-18 02:13:26,378 - data_generation.utils - INFO - Start to process valid.json.
2022-12-18 02:13:26,504 - data_generation.utils - INFO - Process valid.json successfully.
2022-12-18 02:13:26,504 - data_generation.utils - INFO - Start to process train.json.
2022-12-18 02:13:27,508 - data_generation.utils - INFO - Process train.json successfully.
2022-12-18 02:13:27,508 - data_generation.utils - INFO - Load data successfully.
2022-12-18 02:13:59,391 - data_generation.utils - INFO - Start to write back results.
2022-12-18 02:13:59,535 - data_generation.utils - INFO - Start to write train.json.
2022-12-18 02:14:01,435 - data_generation.utils - INFO - Write train.json successfully.
2022-12-18 02:14:01,435 - data_generation.utils - INFO - Start to write valid.json.
2022-12-18 02:14:01,647 - data_generation.utils - INFO - Write valid.json successfully.
2022-12-18 02:14:01,658 - data_generation.utils - INFO - Write back results successfully.
2022-12-18 02:14:01,658 - data_generation.utils - INFO - Get integration data successfully.
2022-12-18 02:14:01,765 - root - INFO - Generate data successfully.
2023-01-12 15:58:05,243 - root - INFO - 



generate.py -c configs/generate/integration/config.ini
2023-01-12 15:58:05,243 - data_generation.initialize - INFO - Start to initialize.
2023-01-12 15:58:05,243 - data_generation.initialize - INFO - Initialize successfully.
2023-01-12 15:58:05,243 - root - INFO - Start to generate data.
2023-01-12 15:58:05,243 - data_generation.utils - INFO - Start to get integration data.
2023-01-12 15:58:05,243 - data_generation.utils - INFO - Start to load data.
2023-01-12 15:58:05,244 - data_generation.utils - INFO - Start to process valid.json.
2023-01-12 15:58:05,576 - data_generation.utils - INFO - Process valid.json successfully.
2023-01-12 15:58:05,576 - data_generation.utils - INFO - Start to process train.json.
2023-01-12 15:58:08,196 - data_generation.utils - INFO - Process train.json successfully.
2023-01-12 15:58:08,196 - data_generation.utils - INFO - Load data successfully.
2023-01-12 15:58:15,606 - data_generation.utils - INFO - Start to copy 3A files from source to destination.
2023-01-12 15:58:15,608 - data_generation.utils - INFO - Copy 3A files from source to destination successfully.
2023-01-12 15:58:15,608 - data_generation.utils - INFO - Start to load data.
2023-01-12 15:58:15,608 - data_generation.utils - INFO - Start to process valid.json.
2023-01-12 15:58:15,781 - data_generation.utils - INFO - Process valid.json successfully.
2023-01-12 15:58:15,781 - data_generation.utils - INFO - Start to process train.json.
2023-01-12 15:58:17,300 - data_generation.utils - INFO - Process train.json successfully.
2023-01-12 15:58:17,301 - data_generation.utils - INFO - Load data successfully.
2023-01-12 16:02:19,763 - root - INFO - 



generate.py -c configs/generate/integration/config.ini
2023-01-12 16:02:19,763 - data_generation.initialize - INFO - Start to initialize.
2023-01-12 16:02:19,764 - data_generation.initialize - INFO - Initialize successfully.
2023-01-12 16:02:19,764 - root - INFO - Start to generate data.
2023-01-12 16:02:19,764 - data_generation.utils - INFO - Start to get integration data.
2023-01-12 16:02:19,764 - data_generation.utils - INFO - Start to load data.
2023-01-12 16:02:19,764 - data_generation.utils - INFO - Start to process valid.json.
2023-01-12 16:02:19,939 - data_generation.utils - INFO - Process valid.json successfully.
2023-01-12 16:02:19,940 - data_generation.utils - INFO - Start to process train.json.
2023-01-12 16:02:21,514 - data_generation.utils - INFO - Process train.json successfully.
2023-01-12 16:02:21,514 - data_generation.utils - INFO - Load data successfully.
2023-01-12 16:02:28,922 - data_generation.utils - INFO - Start to copy 3A files from source to destination.
2023-01-12 16:02:28,922 - data_generation.utils - INFO - Copy 3A files from source to destination successfully.
2023-01-12 16:02:28,923 - data_generation.utils - INFO - Start to load data.
2023-01-12 16:02:28,923 - data_generation.utils - INFO - Start to process valid.json.
2023-01-12 16:02:29,053 - data_generation.utils - INFO - Process valid.json successfully.
2023-01-12 16:02:29,054 - data_generation.utils - INFO - Start to process train.json.
2023-01-12 16:02:30,072 - data_generation.utils - INFO - Process train.json successfully.
2023-01-12 16:02:30,072 - data_generation.utils - INFO - Load data successfully.
2023-01-12 16:03:01,121 - data_generation.utils - INFO - Start to write back results.
2023-01-12 16:04:06,448 - root - INFO - 



generate.py -c configs/generate/integration/config.ini
2023-01-12 16:04:06,448 - data_generation.initialize - INFO - Start to initialize.
2023-01-12 16:04:06,448 - data_generation.initialize - INFO - Initialize successfully.
2023-01-12 16:04:06,448 - root - INFO - Start to generate data.
2023-01-12 16:04:06,448 - data_generation.utils - INFO - Start to get integration data.
2023-01-12 16:04:06,448 - data_generation.utils - INFO - Start to load data.
2023-01-12 16:04:06,448 - data_generation.utils - INFO - Start to process valid.json.
2023-01-12 16:04:06,623 - data_generation.utils - INFO - Process valid.json successfully.
2023-01-12 16:04:06,623 - data_generation.utils - INFO - Start to process train.json.
2023-01-12 16:04:08,168 - data_generation.utils - INFO - Process train.json successfully.
2023-01-12 16:04:08,168 - data_generation.utils - INFO - Load data successfully.
2023-01-12 16:04:15,499 - data_generation.utils - INFO - Start to copy 3A files from source to destination.
2023-01-12 16:04:15,500 - data_generation.utils - INFO - Copy 3A files from source to destination successfully.
2023-01-12 16:04:15,500 - data_generation.utils - INFO - Start to load data.
2023-01-12 16:04:15,500 - data_generation.utils - INFO - Start to process valid.json.
2023-01-12 16:04:15,626 - data_generation.utils - INFO - Process valid.json successfully.
2023-01-12 16:04:15,626 - data_generation.utils - INFO - Start to process train.json.
2023-01-12 16:04:16,628 - data_generation.utils - INFO - Process train.json successfully.
2023-01-12 16:04:16,628 - data_generation.utils - INFO - Load data successfully.
2023-01-12 16:04:48,037 - data_generation.utils - INFO - Start to write back results.
2023-01-12 16:05:19,398 - root - INFO - 



generate.py -c configs/generate/integration/config.ini
2023-01-12 16:05:19,398 - data_generation.initialize - INFO - Start to initialize.
2023-01-12 16:05:19,398 - data_generation.initialize - INFO - Initialize successfully.
2023-01-12 16:05:19,398 - root - INFO - Start to generate data.
2023-01-12 16:05:19,399 - data_generation.utils - INFO - Start to get integration data.
2023-01-12 16:05:19,399 - data_generation.utils - INFO - Start to load data.
2023-01-12 16:05:19,399 - data_generation.utils - INFO - Start to process valid.json.
2023-01-12 16:05:19,572 - data_generation.utils - INFO - Process valid.json successfully.
2023-01-12 16:05:19,572 - data_generation.utils - INFO - Start to process train.json.
2023-01-12 16:05:21,123 - data_generation.utils - INFO - Process train.json successfully.
2023-01-12 16:05:21,123 - data_generation.utils - INFO - Load data successfully.
2023-01-12 16:05:28,496 - data_generation.utils - INFO - Start to copy 3A files from source to destination.
2023-01-12 16:05:28,496 - data_generation.utils - INFO - Copy 3A files from source to destination successfully.
2023-01-12 16:05:28,496 - data_generation.utils - INFO - Start to load data.
2023-01-12 16:05:28,496 - data_generation.utils - INFO - Start to process valid.json.
2023-01-12 16:05:28,623 - data_generation.utils - INFO - Process valid.json successfully.
2023-01-12 16:05:28,624 - data_generation.utils - INFO - Start to process train.json.
2023-01-12 16:05:31,464 - root - INFO - 



generate.py -c configs/generate/integration/config.ini
2023-01-12 16:05:31,464 - data_generation.initialize - INFO - Start to initialize.
2023-01-12 16:05:31,464 - data_generation.initialize - INFO - Initialize successfully.
2023-01-12 16:05:31,465 - root - INFO - Start to generate data.
2023-01-12 16:05:31,465 - data_generation.utils - INFO - Start to get integration data.
2023-01-12 16:05:31,465 - data_generation.utils - INFO - Start to load data.
2023-01-12 16:05:31,465 - data_generation.utils - INFO - Start to process valid.json.
2023-01-12 16:05:31,637 - data_generation.utils - INFO - Process valid.json successfully.
2023-01-12 16:05:31,638 - data_generation.utils - INFO - Start to process train.json.
2023-01-12 16:05:33,176 - data_generation.utils - INFO - Process train.json successfully.
2023-01-12 16:05:33,176 - data_generation.utils - INFO - Load data successfully.
2023-01-12 16:05:40,541 - data_generation.utils - INFO - Start to copy 3A files from source to destination.
2023-01-12 16:05:40,542 - data_generation.utils - INFO - Copy 3A files from source to destination successfully.
2023-01-12 16:05:40,542 - data_generation.utils - INFO - Start to load data.
2023-01-12 16:05:40,542 - data_generation.utils - INFO - Start to process valid.json.
2023-01-12 16:05:40,668 - data_generation.utils - INFO - Process valid.json successfully.
2023-01-12 16:05:40,669 - data_generation.utils - INFO - Start to process train.json.
2023-01-12 16:05:41,670 - data_generation.utils - INFO - Process train.json successfully.
2023-01-12 16:05:41,670 - data_generation.utils - INFO - Load data successfully.
2023-01-12 16:06:12,645 - data_generation.utils - INFO - Start to write back results.
2023-01-12 16:06:35,349 - root - INFO - 



generate.py -c configs/generate/integration/config.ini
2023-01-12 16:06:35,349 - data_generation.initialize - INFO - Start to initialize.
2023-01-12 16:06:35,349 - data_generation.initialize - INFO - Initialize successfully.
2023-01-12 16:06:35,349 - root - INFO - Start to generate data.
2023-01-12 16:06:35,350 - data_generation.utils - INFO - Start to get integration data.
2023-01-12 16:06:35,350 - data_generation.utils - INFO - Start to load data.
2023-01-12 16:06:35,350 - data_generation.utils - INFO - Start to process valid.json.
2023-01-12 16:06:35,527 - data_generation.utils - INFO - Process valid.json successfully.
2023-01-12 16:06:35,527 - data_generation.utils - INFO - Start to process train.json.
2023-01-12 16:06:37,098 - data_generation.utils - INFO - Process train.json successfully.
2023-01-12 16:06:37,098 - data_generation.utils - INFO - Load data successfully.
2023-01-12 16:06:44,566 - data_generation.utils - INFO - Start to copy 3A files from source to destination.
2023-01-12 16:06:44,567 - data_generation.utils - INFO - Copy 3A files from source to destination successfully.
2023-01-12 16:06:44,567 - data_generation.utils - INFO - Start to load data.
2023-01-12 16:06:44,567 - data_generation.utils - INFO - Start to process valid.json.
2023-01-12 16:06:44,697 - data_generation.utils - INFO - Process valid.json successfully.
2023-01-12 16:06:44,698 - data_generation.utils - INFO - Start to process train.json.
2023-01-12 16:06:45,717 - data_generation.utils - INFO - Process train.json successfully.
2023-01-12 16:06:45,717 - data_generation.utils - INFO - Load data successfully.
2023-01-12 16:07:16,911 - data_generation.utils - INFO - Start to write back results.
2023-01-12 16:11:58,439 - root - INFO - 



generate.py -c configs/generate/integration/config.ini
2023-01-12 16:11:58,439 - data_generation.initialize - INFO - Start to initialize.
2023-01-12 16:11:58,440 - data_generation.initialize - INFO - Initialize successfully.
2023-01-12 16:11:58,440 - root - INFO - Start to generate data.
2023-01-12 16:11:58,440 - data_generation.utils - INFO - Start to get integration data.
2023-01-12 16:11:58,440 - data_generation.utils - INFO - Start to load data.
2023-01-12 16:11:58,440 - data_generation.utils - INFO - Start to process valid.json.
2023-01-12 16:11:58,613 - data_generation.utils - INFO - Process valid.json successfully.
2023-01-12 16:11:58,613 - data_generation.utils - INFO - Start to process train.json.
2023-01-12 16:12:00,161 - data_generation.utils - INFO - Process train.json successfully.
2023-01-12 16:12:00,161 - data_generation.utils - INFO - Load data successfully.
2023-01-12 16:12:07,527 - data_generation.utils - INFO - Start to copy 3A files from source to destination.
2023-01-12 16:12:07,528 - data_generation.utils - INFO - Copy 3A files from source to destination successfully.
2023-01-12 16:12:07,528 - data_generation.utils - INFO - Start to load data.
2023-01-12 16:12:07,528 - data_generation.utils - INFO - Start to process valid.json.
2023-01-12 16:12:07,654 - data_generation.utils - INFO - Process valid.json successfully.
2023-01-12 16:12:07,654 - data_generation.utils - INFO - Start to process train.json.
2023-01-12 16:12:08,658 - data_generation.utils - INFO - Process train.json successfully.
2023-01-12 16:12:08,658 - data_generation.utils - INFO - Load data successfully.
2023-01-12 16:12:39,904 - data_generation.utils - INFO - Start to write back results.
2023-01-12 16:12:39,976 - data_generation.utils - INFO - Start to write train.json.
2023-01-12 16:12:43,965 - data_generation.utils - INFO - Start to write valid.json.
2023-01-12 16:12:44,110 - data_generation.utils - INFO - Write valid.json successfully.
2023-01-12 16:12:44,120 - data_generation.utils - INFO - Write back results successfully.
2023-01-12 16:12:44,120 - data_generation.utils - INFO - Get integration data successfully.
2023-01-12 16:12:44,228 - root - INFO - Generate data successfully.
2023-01-12 16:24:41,259 - root - INFO - 



generate.py -c configs/generate/integration/config.ini
2023-01-12 16:24:41,259 - data_generation.initialize - INFO - Start to initialize.
2023-01-12 16:24:41,259 - data_generation.initialize - INFO - Initialize successfully.
2023-01-12 16:24:41,259 - root - INFO - Start to generate data.
2023-01-12 16:24:41,259 - data_generation.utils - INFO - Start to get integration data.
2023-01-12 16:24:41,259 - data_generation.utils - INFO - Start to load data.
2023-01-12 16:24:41,259 - data_generation.utils - INFO - Start to process valid.json.
2023-01-12 16:24:41,433 - data_generation.utils - INFO - Process valid.json successfully.
2023-01-12 16:24:41,433 - data_generation.utils - INFO - Start to process train.json.
2023-01-12 16:24:42,985 - data_generation.utils - INFO - Process train.json successfully.
2023-01-12 16:24:42,985 - data_generation.utils - INFO - Load data successfully.
2023-01-12 16:24:50,306 - data_generation.utils - INFO - Start to copy 3A files from source to destination.
2023-01-12 16:24:50,306 - data_generation.utils - INFO - Copy 3A files from source to destination successfully.
2023-01-12 16:24:50,307 - data_generation.utils - INFO - Start to load data.
2023-01-12 16:24:50,307 - data_generation.utils - INFO - Start to process valid.json.
2023-01-12 16:24:50,433 - data_generation.utils - INFO - Process valid.json successfully.
2023-01-12 16:24:50,433 - data_generation.utils - INFO - Start to process train.json.
2023-01-12 16:24:51,439 - data_generation.utils - INFO - Process train.json successfully.
2023-01-12 16:24:51,439 - data_generation.utils - INFO - Load data successfully.
2023-01-12 16:25:23,675 - data_generation.utils - INFO - Start to write back results.
2023-01-12 16:25:58,950 - root - INFO - 



generate.py -c configs/generate/integration/config.ini
2023-01-12 16:25:58,951 - data_generation.initialize - INFO - Start to initialize.
2023-01-12 16:25:58,951 - data_generation.initialize - INFO - Initialize successfully.
2023-01-12 16:25:58,951 - root - INFO - Start to generate data.
2023-01-12 16:25:58,951 - data_generation.utils - INFO - Start to get integration data.
2023-01-12 16:25:58,951 - data_generation.utils - INFO - Start to load data.
2023-01-12 16:25:58,951 - data_generation.utils - INFO - Start to process valid.json.
2023-01-12 16:25:59,126 - data_generation.utils - INFO - Process valid.json successfully.
2023-01-12 16:25:59,126 - data_generation.utils - INFO - Start to process train.json.
2023-01-12 16:26:00,686 - data_generation.utils - INFO - Process train.json successfully.
2023-01-12 16:26:00,686 - data_generation.utils - INFO - Load data successfully.
2023-01-12 16:26:08,140 - data_generation.utils - INFO - Start to copy 3A files from source to destination.
2023-01-12 16:26:08,140 - data_generation.utils - INFO - Copy 3A files from source to destination successfully.
2023-01-12 16:26:08,140 - data_generation.utils - INFO - Start to load data.
2023-01-12 16:26:08,141 - data_generation.utils - INFO - Start to process valid.json.
2023-01-12 16:26:08,268 - data_generation.utils - INFO - Process valid.json successfully.
2023-01-12 16:26:08,268 - data_generation.utils - INFO - Start to process train.json.
2023-01-12 16:26:09,281 - data_generation.utils - INFO - Process train.json successfully.
2023-01-12 16:26:09,281 - data_generation.utils - INFO - Load data successfully.
2023-01-12 16:26:40,627 - data_generation.utils - INFO - Start to write back results.
2023-01-12 16:26:41,078 - data_generation.utils - INFO - Start to write train.json.
2023-01-12 16:26:45,109 - data_generation.utils - INFO - Start to write valid.json.
2023-01-12 16:26:45,250 - data_generation.utils - INFO - Write valid.json successfully.
2023-01-12 16:26:45,261 - data_generation.utils - INFO - Write back results successfully.
2023-01-12 16:26:45,261 - data_generation.utils - INFO - Get integration data successfully.
2023-01-12 16:26:45,440 - root - INFO - Generate data successfully.
