2022-09-02 19:29:13,139 - root - INFO - 



main.py -c configs/experiments/235_human_summarization/config.ini -m eval -g 0 -cp results/checkpoints/legal_judgment_prediction/bert/none/one_label/checkpoint_3.pkl -bs 7
2022-09-02 19:29:13,139 - legal_judgment_prediction.initialize - INFO - Start to initialize.
2022-09-02 19:29:13,148 - utils - INFO - CUDA is available.
2022-09-02 19:29:13,148 - utils - INFO - Initialize GPUs successfully.
2022-09-02 19:29:13,148 - legal_judgment_prediction.model.initialize - INFO - Start to initialize model.
2022-09-02 19:29:13,148 - pytorch_pretrained_bert.modeling - INFO - loading archive file models/bert-base-chinese
2022-09-02 19:29:13,149 - pytorch_pretrained_bert.modeling - INFO - Model config {
  "architectures": [
    "BertForMaskedLM"
  ],
  "attention_probs_dropout_prob": 0.1,
  "directionality": "bidi",
  "hidden_act": "gelu",
  "hidden_dropout_prob": 0.1,
  "hidden_size": 768,
  "initializer_range": 0.02,
  "intermediate_size": 3072,
  "layer_norm_eps": 1e-12,
  "max_position_embeddings": 512,
  "model_type": "bert",
  "num_attention_heads": 12,
  "num_hidden_layers": 12,
  "pad_token_id": 0,
  "pooler_fc_size": 768,
  "pooler_num_attention_heads": 12,
  "pooler_num_fc_layers": 3,
  "pooler_size_per_head": 128,
  "pooler_type": "first_token_transform",
  "type_vocab_size": 2,
  "vocab_size": 21128
}

2022-09-02 19:29:14,138 - legal_judgment_prediction.model.initialize - INFO - Initialize model successfully.
2022-09-02 19:29:15,381 - legal_judgment_prediction.initialize - INFO - Start to initialize multiple gpus.
2022-09-02 19:29:15,383 - legal_judgment_prediction.initialize - INFO - Initialize multiple gpus successfully.
2022-09-02 19:29:15,993 - legal_judgment_prediction.dataset.initialize - INFO - Start to initialize test dataloader.
2022-09-02 19:29:15,995 - legal_judgment_prediction.formatter.initialize - INFO - Start to initialize formatter.
2022-09-02 19:29:16,009 - legal_judgment_prediction.formatter.initialize - INFO - Initialize formatter successfully.
2022-09-02 19:29:16,009 - legal_judgment_prediction.dataset.initialize - INFO - Initialize test dataloader successfully.
2022-09-02 19:29:16,010 - legal_judgment_prediction.output.initialize - INFO - Start to initialize output function.
2022-09-02 19:29:16,010 - legal_judgment_prediction.output.initialize - INFO - Initialize output function successfully.
2022-09-02 19:29:16,010 - legal_judgment_prediction.initialize - INFO - Initialize successfully.
2022-09-02 19:29:16,316 - utils - INFO - 
+-------+-------+------------+------------+-------------------+
| epoch | stage | iterations |    time    |       loss        |
+-------+-------+------------+------------+-------------------+
|   0   | test  |    1/34    | 0:00/ 0:10 | 2.446556329727173 |
+-------+-------+------------+------------+-------------------+
+----------------+-------+-------+-------+-------+------+-------+
|      Type      |  MiP  |  MiR  |  MiF  |  MaP  | MaR  |  MiF  |
+----------------+-------+-------+-------+-------+------+-------+
|    article     | 0.875 |  1.0  | 0.933 | 0.994 | 1.0  | 0.996 |
| article_source |  1.0  |  1.0  |  1.0  |  1.0  | 1.0  |  1.0  |
|   accusation   |  0.8  | 0.571 | 0.667 | 0.976 | 0.98 | 0.977 |
+----------------+-------+-------+-------+-------+------+-------+

2022-09-02 19:29:23,544 - utils - INFO - 
+-------+-------+------------+------------+--------------------+
| epoch | stage | iterations |    time    |        loss        |
+-------+-------+------------+------------+--------------------+
|   0   | test  |   34/34    | 0:07/ 0:00 | 3.1915910410530426 |
+-------+-------+------------+------------+--------------------+
+----------------+-------+-------+-------+-------+-------+-------+
|      Type      |  MiP  |  MiR  |  MiF  |  MaP  |  MaR  |  MiF  |
+----------------+-------+-------+-------+-------+-------+-------+
|    article     | 0.85  | 0.774 | 0.811 | 0.622 | 0.616 | 0.609 |
| article_source | 0.991 | 0.97  | 0.981 | 0.809 | 0.738 | 0.762 |
|   accusation   | 0.851 | 0.728 | 0.784 | 0.831 | 0.824 | 0.822 |
+----------------+-------+-------+-------+-------+-------+-------+

2022-09-02 19:45:58,467 - root - INFO - 



main.py -c configs/experiments/235_human_summarization/config.ini -m eval -g 0 -cp results/checkpoints/legal_judgment_prediction/bert/lead_3/one_label/checkpoint_3.pkl -bs 7
2022-09-02 19:45:58,467 - legal_judgment_prediction.initialize - INFO - Start to initialize.
2022-09-02 19:45:58,477 - utils - INFO - CUDA is available.
2022-09-02 19:45:58,478 - utils - INFO - Initialize GPUs successfully.
2022-09-02 19:45:58,478 - legal_judgment_prediction.model.initialize - INFO - Start to initialize model.
2022-09-02 19:45:58,478 - pytorch_pretrained_bert.modeling - INFO - loading archive file models/bert-base-chinese
2022-09-02 19:45:58,478 - pytorch_pretrained_bert.modeling - INFO - Model config {
  "architectures": [
    "BertForMaskedLM"
  ],
  "attention_probs_dropout_prob": 0.1,
  "directionality": "bidi",
  "hidden_act": "gelu",
  "hidden_dropout_prob": 0.1,
  "hidden_size": 768,
  "initializer_range": 0.02,
  "intermediate_size": 3072,
  "layer_norm_eps": 1e-12,
  "max_position_embeddings": 512,
  "model_type": "bert",
  "num_attention_heads": 12,
  "num_hidden_layers": 12,
  "pad_token_id": 0,
  "pooler_fc_size": 768,
  "pooler_num_attention_heads": 12,
  "pooler_num_fc_layers": 3,
  "pooler_size_per_head": 128,
  "pooler_type": "first_token_transform",
  "type_vocab_size": 2,
  "vocab_size": 21128
}

2022-09-02 19:45:59,467 - legal_judgment_prediction.model.initialize - INFO - Initialize model successfully.
2022-09-02 19:46:00,756 - legal_judgment_prediction.initialize - INFO - Start to initialize multiple gpus.
2022-09-02 19:46:00,758 - legal_judgment_prediction.initialize - INFO - Initialize multiple gpus successfully.
2022-09-02 19:46:01,363 - legal_judgment_prediction.dataset.initialize - INFO - Start to initialize test dataloader.
2022-09-02 19:46:01,365 - legal_judgment_prediction.formatter.initialize - INFO - Start to initialize formatter.
2022-09-02 19:46:01,379 - legal_judgment_prediction.formatter.initialize - INFO - Initialize formatter successfully.
2022-09-02 19:46:01,379 - legal_judgment_prediction.dataset.initialize - INFO - Initialize test dataloader successfully.
2022-09-02 19:46:01,379 - legal_judgment_prediction.output.initialize - INFO - Start to initialize output function.
2022-09-02 19:46:01,380 - legal_judgment_prediction.output.initialize - INFO - Initialize output function successfully.
2022-09-02 19:46:01,380 - legal_judgment_prediction.initialize - INFO - Initialize successfully.
2022-09-02 19:46:01,698 - utils - INFO - 
+-------+-------+------------+------------+-------------------+
| epoch | stage | iterations |    time    |       loss        |
+-------+-------+------------+------------+-------------------+
|   3   | test  |    1/34    | 0:00/ 0:10 | 4.600511074066162 |
+-------+-------+------------+------------+-------------------+
+----------------+------+-------+-------+-------+-------+-------+
|      Type      | MiP  |  MiR  |  MiF  |  MaP  |  MaR  |  MiF  |
+----------------+------+-------+-------+-------+-------+-------+
|    article     | 1.0  | 0.429 |  0.6  | 0.967 | 0.961 | 0.963 |
| article_source | 1.0  |  1.0  |  1.0  |  1.0  |  1.0  |  1.0  |
|   accusation   | 0.75 | 0.429 | 0.545 | 0.97  | 0.973 | 0.971 |
+----------------+------+-------+-------+-------+-------+-------+

2022-09-02 19:46:08,949 - utils - INFO - 
+-------+-------+------------+------------+-------------------+
| epoch | stage | iterations |    time    |       loss        |
+-------+-------+------------+------------+-------------------+
|   3   | test  |   34/34    | 0:07/ 0:00 | 4.431703651652617 |
+-------+-------+------------+------------+-------------------+
+----------------+-------+-------+-------+-------+-------+-------+
|      Type      |  MiP  |  MiR  |  MiF  |  MaP  |  MaR  |  MiF  |
+----------------+-------+-------+-------+-------+-------+-------+
|    article     |  0.8  | 0.545 | 0.648 | 0.428 | 0.431 | 0.414 |
| article_source | 0.962 | 0.962 | 0.962 | 0.758 | 0.713 | 0.728 |
|   accusation   | 0.833 | 0.596 | 0.695 | 0.766 | 0.748 | 0.753 |
+----------------+-------+-------+-------+-------+-------+-------+

2022-09-02 19:47:23,667 - root - INFO - 



main.py -c configs/experiments/235_human_summarization/config.ini -m eval -g 0 -cp results/checkpoints/legal_judgment_prediction/bert/bart/one_label/checkpoint_3.pkl -bs 7
2022-09-02 19:47:23,667 - legal_judgment_prediction.initialize - INFO - Start to initialize.
2022-09-02 19:47:23,677 - utils - INFO - CUDA is available.
2022-09-02 19:47:23,677 - utils - INFO - Initialize GPUs successfully.
2022-09-02 19:47:23,677 - legal_judgment_prediction.model.initialize - INFO - Start to initialize model.
2022-09-02 19:47:23,678 - pytorch_pretrained_bert.modeling - INFO - loading archive file models/bert-base-chinese
2022-09-02 19:47:23,678 - pytorch_pretrained_bert.modeling - INFO - Model config {
  "architectures": [
    "BertForMaskedLM"
  ],
  "attention_probs_dropout_prob": 0.1,
  "directionality": "bidi",
  "hidden_act": "gelu",
  "hidden_dropout_prob": 0.1,
  "hidden_size": 768,
  "initializer_range": 0.02,
  "intermediate_size": 3072,
  "layer_norm_eps": 1e-12,
  "max_position_embeddings": 512,
  "model_type": "bert",
  "num_attention_heads": 12,
  "num_hidden_layers": 12,
  "pad_token_id": 0,
  "pooler_fc_size": 768,
  "pooler_num_attention_heads": 12,
  "pooler_num_fc_layers": 3,
  "pooler_size_per_head": 128,
  "pooler_type": "first_token_transform",
  "type_vocab_size": 2,
  "vocab_size": 21128
}

2022-09-02 19:47:24,666 - legal_judgment_prediction.model.initialize - INFO - Initialize model successfully.
2022-09-02 19:47:25,962 - legal_judgment_prediction.initialize - INFO - Start to initialize multiple gpus.
2022-09-02 19:47:25,964 - legal_judgment_prediction.initialize - INFO - Initialize multiple gpus successfully.
2022-09-02 19:47:26,582 - legal_judgment_prediction.dataset.initialize - INFO - Start to initialize test dataloader.
2022-09-02 19:47:26,584 - legal_judgment_prediction.formatter.initialize - INFO - Start to initialize formatter.
2022-09-02 19:47:26,598 - legal_judgment_prediction.formatter.initialize - INFO - Initialize formatter successfully.
2022-09-02 19:47:26,598 - legal_judgment_prediction.dataset.initialize - INFO - Initialize test dataloader successfully.
2022-09-02 19:47:26,598 - legal_judgment_prediction.output.initialize - INFO - Start to initialize output function.
2022-09-02 19:47:26,598 - legal_judgment_prediction.output.initialize - INFO - Initialize output function successfully.
2022-09-02 19:47:26,599 - legal_judgment_prediction.initialize - INFO - Initialize successfully.
2022-09-02 19:47:26,916 - utils - INFO - 
+-------+-------+------------+------------+--------------------+
| epoch | stage | iterations |    time    |        loss        |
+-------+-------+------------+------------+--------------------+
|   3   | test  |    1/34    | 0:00/ 0:10 | 1.3680092096328735 |
+-------+-------+------------+------------+--------------------+
+----------------+-------+-------+-------+-------+------+-------+
|      Type      |  MiP  |  MiR  |  MiF  |  MaP  | MaR  |  MiF  |
+----------------+-------+-------+-------+-------+------+-------+
|    article     |  1.0  |  1.0  |  1.0  |  1.0  | 1.0  |  1.0  |
| article_source |  1.0  |  1.0  |  1.0  |  1.0  | 1.0  |  1.0  |
|   accusation   | 0.714 | 0.714 | 0.714 | 0.976 | 0.98 | 0.977 |
+----------------+-------+-------+-------+-------+------+-------+

2022-09-02 19:47:34,150 - utils - INFO - 
+-------+-------+------------+------------+-------------------+
| epoch | stage | iterations |    time    |       loss        |
+-------+-------+------------+------------+-------------------+
|   3   | test  |   34/34    | 0:07/ 0:00 | 2.428621621309396 |
+-------+-------+------------+------------+-------------------+
+----------------+-------+-------+-------+-------+-------+-------+
|      Type      |  MiP  |  MiR  |  MiF  |  MaP  |  MaR  |  MiF  |
+----------------+-------+-------+-------+-------+-------+-------+
|    article     | 0.873 | 0.847 | 0.86  | 0.662 | 0.716 | 0.673 |
| article_source | 0.983 | 0.983 | 0.983 | 0.888 | 0.88  | 0.878 |
|   accusation   | 0.832 |  0.8  | 0.816 | 0.824 | 0.832 | 0.826 |
+----------------+-------+-------+-------+-------+-------+-------+

