2022-12-16 06:17:10,211 - root - INFO - 



new_main.py -c configs/new_main/config.ini -m train -g 0 -bs 8
2022-12-16 06:17:10,211 - pekonet.initialize - INFO - Start to initialize.
2022-12-16 06:17:10,223 - utils - INFO - CUDA is available.
2022-12-16 06:17:10,223 - utils - INFO - Initialize GPUs successfully.
2022-12-16 06:17:10,224 - pekonet.model.initialize - INFO - Start to initialize model.
2022-12-16 06:17:12,522 - pekonet.model.initialize - INFO - Initialize model successfully.
2022-12-16 06:17:15,157 - pekonet.initialize - INFO - Start to initialize multiple gpus.
2022-12-16 06:17:15,159 - pekonet.initialize - INFO - Initialize multiple gpus successfully.
2022-12-16 06:17:15,159 - pekonet.model.initialize - INFO - Start to initialize optimizer.
2022-12-16 06:17:15,160 - pekonet.model.initialize - INFO - Initialize optimizer successfully.
2022-12-16 06:17:15,161 - pekonet.initialize - WARNING - The path of checkpoint is none.
2022-12-16 06:17:15,161 - pekonet.dataset.initialize - INFO - Start to initialize train dataloader.
2022-12-16 06:17:17,937 - pekonet.formatter.initialize - INFO - Start to initialize formatter.
2022-12-16 06:17:17,958 - pekonet.formatter.initialize - INFO - Initialize formatter successfully.
2022-12-16 06:17:17,959 - pekonet.dataset.initialize - INFO - Initialize train dataloader successfully.
2022-12-16 06:17:17,959 - pekonet.dataset.initialize - INFO - Start to initialize valid dataloader.
2022-12-16 06:17:18,197 - pekonet.formatter.initialize - INFO - Start to initialize formatter.
2022-12-16 06:17:18,212 - pekonet.formatter.initialize - INFO - Initialize formatter successfully.
2022-12-16 06:17:18,212 - pekonet.dataset.initialize - INFO - Initialize valid dataloader successfully.
2022-12-16 06:17:18,212 - pekonet.output.initialize - INFO - Start to initialize output function.
2022-12-16 06:17:18,212 - pekonet.output.initialize - INFO - Initialize output function successfully.
2022-12-16 06:17:18,213 - pekonet.initialize - WARNING - The path of output results/checkpoints/pekonet does not exist.
2022-12-16 06:17:18,213 - pekonet.initialize - INFO - Make the directory automatically.
2022-12-16 06:17:18,213 - pekonet.initialize - INFO - Initialize successfully.
2022-12-16 06:17:18,213 - pekonet.train - INFO - Start to train model.
2022-12-16 06:19:00,932 - root - INFO - 



new_main.py -c configs/new_main/config.ini -m train -g 0 -bs 8
2022-12-16 06:19:00,932 - pekonet.initialize - INFO - Start to initialize.
2022-12-16 06:19:00,950 - utils - INFO - CUDA is available.
2022-12-16 06:19:00,950 - utils - INFO - Initialize GPUs successfully.
2022-12-16 06:19:00,950 - pekonet.model.initialize - INFO - Start to initialize model.
2022-12-16 06:19:02,078 - pekonet.model.initialize - INFO - Initialize model successfully.
2022-12-16 06:19:03,444 - pekonet.initialize - INFO - Start to initialize multiple gpus.
2022-12-16 06:19:03,446 - pekonet.initialize - INFO - Initialize multiple gpus successfully.
2022-12-16 06:19:03,447 - pekonet.model.initialize - INFO - Start to initialize optimizer.
2022-12-16 06:19:03,447 - pekonet.model.initialize - INFO - Initialize optimizer successfully.
2022-12-16 06:19:03,448 - pekonet.initialize - WARNING - The path of checkpoint is none.
2022-12-16 06:19:03,448 - pekonet.dataset.initialize - INFO - Start to initialize train dataloader.
2022-12-16 06:19:06,234 - pekonet.formatter.initialize - INFO - Start to initialize formatter.
2022-12-16 06:19:06,253 - pekonet.formatter.initialize - INFO - Initialize formatter successfully.
2022-12-16 06:19:06,254 - pekonet.dataset.initialize - INFO - Initialize train dataloader successfully.
2022-12-16 06:19:06,254 - pekonet.dataset.initialize - INFO - Start to initialize valid dataloader.
2022-12-16 06:19:06,494 - pekonet.formatter.initialize - INFO - Start to initialize formatter.
2022-12-16 06:19:06,510 - pekonet.formatter.initialize - INFO - Initialize formatter successfully.
2022-12-16 06:19:06,510 - pekonet.dataset.initialize - INFO - Initialize valid dataloader successfully.
2022-12-16 06:19:06,510 - pekonet.output.initialize - INFO - Start to initialize output function.
2022-12-16 06:19:06,510 - pekonet.output.initialize - INFO - Initialize output function successfully.
2022-12-16 06:19:06,511 - pekonet.initialize - INFO - Initialize successfully.
2022-12-16 06:19:06,511 - pekonet.train - INFO - Start to train model.
2022-12-16 06:19:07,543 - utils - INFO - 
+-------+-------+------------+-------------+-------------------+---------------+
| epoch | stage | iterations |    time     |       loss        | learning_rate |
+-------+-------+------------+-------------+-------------------+---------------+
|   0   | train |  1/32795   | 0:01/563:47 | 634.4464721679688 |     1e-05     |
+-------+-------+------------+-------------+-------------------+---------------+
+------------+-------+-----+-------+-------+-------+------+
|    Type    |  MiP  | MiR |  MiF  |  MaP  |  MaR  | MiF  |
+------------+-------+-----+-------+-------+-------+------+
|  article   |  0.0  | 0.0 |  0.0  |  0.3  |  0.3  | 0.3  |
| accusation | 0.014 | 1.0 | 0.027 | 0.378 | 0.385 | 0.38 |
+------------+-------+-----+-------+-------+-------+------+

2022-12-16 06:21:42,095 - root - INFO - 



new_main.py -c configs/new_main/config.ini -m train -g 0 -bs 8
2022-12-16 06:21:42,095 - pekonet.initialize - INFO - Start to initialize.
2022-12-16 06:21:42,112 - utils - INFO - CUDA is available.
2022-12-16 06:21:42,112 - utils - INFO - Initialize GPUs successfully.
2022-12-16 06:21:42,112 - pekonet.model.initialize - INFO - Start to initialize model.
2022-12-16 06:21:43,228 - pekonet.model.initialize - INFO - Initialize model successfully.
2022-12-16 06:21:44,634 - pekonet.initialize - INFO - Start to initialize multiple gpus.
2022-12-16 06:21:44,636 - pekonet.initialize - INFO - Initialize multiple gpus successfully.
2022-12-16 06:21:44,636 - pekonet.model.initialize - INFO - Start to initialize optimizer.
2022-12-16 06:21:44,637 - pekonet.model.initialize - INFO - Initialize optimizer successfully.
2022-12-16 06:21:44,638 - pekonet.initialize - WARNING - The path of checkpoint is none.
2022-12-16 06:21:44,638 - pekonet.dataset.initialize - INFO - Start to initialize train dataloader.
2022-12-16 06:21:45,180 - pekonet.formatter.initialize - INFO - Start to initialize formatter.
2022-12-16 06:21:45,199 - pekonet.formatter.initialize - INFO - Initialize formatter successfully.
2022-12-16 06:21:45,199 - pekonet.dataset.initialize - INFO - Initialize train dataloader successfully.
2022-12-16 06:21:45,200 - pekonet.dataset.initialize - INFO - Start to initialize valid dataloader.
2022-12-16 06:21:47,802 - pekonet.formatter.initialize - INFO - Start to initialize formatter.
2022-12-16 06:21:47,818 - pekonet.formatter.initialize - INFO - Initialize formatter successfully.
2022-12-16 06:21:47,818 - pekonet.dataset.initialize - INFO - Initialize valid dataloader successfully.
2022-12-16 06:21:47,818 - pekonet.output.initialize - INFO - Start to initialize output function.
2022-12-16 06:21:47,818 - pekonet.output.initialize - INFO - Initialize output function successfully.
2022-12-16 06:21:47,819 - pekonet.initialize - INFO - Initialize successfully.
2022-12-16 06:21:47,819 - pekonet.train - INFO - Start to train model.
2022-12-16 06:21:48,621 - utils - INFO - 
+-------+-------+------------+------------+-------------------+---------------+
| epoch | stage | iterations |    time    |       loss        | learning_rate |
+-------+-------+------------+------------+-------------------+---------------+
|   0   | train |   1/7288   | 0:00/97:20 | 283.6074523925781 |     1e-05     |
+-------+-------+------------+------------+-------------------+---------------+
+------------+-------+-----+-------+-------+-------+-------+
|    Type    |  MiP  | MiR |  MiF  |  MaP  |  MaR  |  MiF  |
+------------+-------+-----+-------+-------+-------+-------+
|  article   | 0.019 | 1.0 | 0.038 | 0.433 | 0.433 | 0.433 |
| accusation |  0.0  | 0.0 |  0.0  | 0.52  | 0.52  | 0.52  |
+------------+-------+-----+-------+-------+-------+-------+

2022-12-16 06:23:37,578 - root - INFO - 



new_main.py -c configs/new_main/config.ini -m train -g 0 -bs 7
2022-12-16 06:23:37,579 - pekonet.initialize - INFO - Start to initialize.
2022-12-16 06:23:37,597 - utils - INFO - CUDA is available.
2022-12-16 06:23:37,597 - utils - INFO - Initialize GPUs successfully.
2022-12-16 06:23:37,597 - pekonet.model.initialize - INFO - Start to initialize model.
2022-12-16 06:23:38,710 - pekonet.model.initialize - INFO - Initialize model successfully.
2022-12-16 06:23:40,065 - pekonet.initialize - INFO - Start to initialize multiple gpus.
2022-12-16 06:23:40,067 - pekonet.initialize - INFO - Initialize multiple gpus successfully.
2022-12-16 06:23:40,067 - pekonet.model.initialize - INFO - Start to initialize optimizer.
2022-12-16 06:23:40,068 - pekonet.model.initialize - INFO - Initialize optimizer successfully.
2022-12-16 06:23:40,068 - pekonet.initialize - WARNING - The path of checkpoint is none.
2022-12-16 06:23:40,068 - pekonet.dataset.initialize - INFO - Start to initialize train dataloader.
2022-12-16 06:23:41,255 - pekonet.formatter.initialize - INFO - Start to initialize formatter.
2022-12-16 06:23:41,274 - pekonet.formatter.initialize - INFO - Initialize formatter successfully.
2022-12-16 06:23:41,275 - pekonet.dataset.initialize - INFO - Initialize train dataloader successfully.
2022-12-16 06:23:41,275 - pekonet.dataset.initialize - INFO - Start to initialize valid dataloader.
2022-12-16 06:23:43,385 - pekonet.formatter.initialize - INFO - Start to initialize formatter.
2022-12-16 06:23:43,401 - pekonet.formatter.initialize - INFO - Initialize formatter successfully.
2022-12-16 06:23:43,401 - pekonet.dataset.initialize - INFO - Initialize valid dataloader successfully.
2022-12-16 06:23:43,401 - pekonet.output.initialize - INFO - Start to initialize output function.
2022-12-16 06:23:43,401 - pekonet.output.initialize - INFO - Initialize output function successfully.
2022-12-16 06:23:43,402 - pekonet.initialize - INFO - Initialize successfully.
2022-12-16 06:23:43,402 - pekonet.train - INFO - Start to train model.
2022-12-16 06:23:44,143 - utils - INFO - 
+-------+-------+------------+-------------+-------------------+---------------+
| epoch | stage | iterations |    time     |       loss        | learning_rate |
+-------+-------+------------+-------------+-------------------+---------------+
|   0   | train |  1/16658   | 0:00/205:21 | 266.3983459472656 |     1e-05     |
+-------+-------+------------+-------------+-------------------+---------------+
+------------+-------+-----+-------+-------+-------+-------+
|    Type    |  MiP  | MiR |  MiF  |  MaP  |  MaR  |  MiF  |
+------------+-------+-----+-------+-------+-------+-------+
|  article   |  0.0  | 0.0 |  0.0  | 0.456 | 0.456 | 0.456 |
| accusation | 0.014 | 1.0 | 0.027 | 0.507 | 0.507 | 0.507 |
+------------+-------+-----+-------+-------+-------+-------+

2022-12-16 06:25:09,682 - root - INFO - 



new_main.py -c configs/new_main/config.ini -m train -g 0 -bs 7
2022-12-16 06:25:09,682 - pekonet.initialize - INFO - Start to initialize.
2022-12-16 06:25:09,698 - utils - INFO - CUDA is available.
2022-12-16 06:25:09,698 - utils - INFO - Initialize GPUs successfully.
2022-12-16 06:25:09,698 - pekonet.model.initialize - INFO - Start to initialize model.
2022-12-16 06:25:10,817 - pekonet.model.initialize - INFO - Initialize model successfully.
2022-12-16 06:25:12,179 - pekonet.initialize - INFO - Start to initialize multiple gpus.
2022-12-16 06:25:12,181 - pekonet.initialize - INFO - Initialize multiple gpus successfully.
2022-12-16 06:25:12,181 - pekonet.model.initialize - INFO - Start to initialize optimizer.
2022-12-16 06:25:12,182 - pekonet.model.initialize - INFO - Initialize optimizer successfully.
2022-12-16 06:25:12,182 - pekonet.initialize - WARNING - The path of checkpoint is none.
2022-12-16 06:25:12,182 - pekonet.dataset.initialize - INFO - Start to initialize train dataloader.
2022-12-16 06:25:13,370 - pekonet.formatter.initialize - INFO - Start to initialize formatter.
2022-12-16 06:25:13,389 - pekonet.formatter.initialize - INFO - Initialize formatter successfully.
2022-12-16 06:25:13,390 - pekonet.dataset.initialize - INFO - Initialize train dataloader successfully.
2022-12-16 06:25:13,390 - pekonet.dataset.initialize - INFO - Start to initialize valid dataloader.
2022-12-16 06:25:15,502 - pekonet.formatter.initialize - INFO - Start to initialize formatter.
2022-12-16 06:25:15,518 - pekonet.formatter.initialize - INFO - Initialize formatter successfully.
2022-12-16 06:25:15,518 - pekonet.dataset.initialize - INFO - Initialize valid dataloader successfully.
2022-12-16 06:25:15,519 - pekonet.output.initialize - INFO - Start to initialize output function.
2022-12-16 06:25:15,519 - pekonet.output.initialize - INFO - Initialize output function successfully.
2022-12-16 06:25:15,519 - pekonet.initialize - INFO - Initialize successfully.
2022-12-16 06:25:15,520 - pekonet.train - INFO - Start to train model.
2022-12-16 06:25:16,266 - utils - INFO - 
+-------+-------+------------+-------------+-------------------+---------------+
| epoch | stage | iterations |    time     |       loss        | learning_rate |
+-------+-------+------------+-------------+-------------------+---------------+
|   0   | train |  1/16658   | 0:00/207:11 | 266.3983459472656 |     1e-05     |
+-------+-------+------------+-------------+-------------------+---------------+
+------------+-------+-----+-------+-------+-------+-------+
|    Type    |  MiP  | MiR |  MiF  |  MaP  |  MaR  |  MiF  |
+------------+-------+-----+-------+-------+-------+-------+
|  article   |  0.0  | 0.0 |  0.0  | 0.456 | 0.456 | 0.456 |
| accusation | 0.014 | 1.0 | 0.027 | 0.507 | 0.507 | 0.507 |
+------------+-------+-----+-------+-------+-------+-------+

2022-12-16 06:53:59,400 - utils - INFO - 
+-------+-------+------------+--------------+-------------------+---------------+
| epoch | stage | iterations |     time     |       loss        | learning_rate |
+-------+-------+------------+--------------+-------------------+---------------+
|   0   | train | 2001/16658 | 28:43/210:27 | 21.11284076276867 |     1e-05     |
+-------+-------+------------+--------------+-------------------+---------------+
+------------+-------+-------+-------+-------+-------+-------+
|    Type    |  MiP  |  MiR  |  MiF  |  MaP  |  MaR  |  MiF  |
+------------+-------+-------+-------+-------+-------+-------+
|  article   | 0.727 | 0.636 | 0.679 | 0.138 | 0.077 | 0.089 |
| accusation | 0.601 | 0.607 | 0.604 | 0.093 | 0.07  | 0.076 |
+------------+-------+-------+-------+-------+-------+-------+

2022-12-16 07:22:49,694 - utils - INFO - 
+-------+-------+------------+--------------+--------------------+---------------+
| epoch | stage | iterations |     time     |        loss        | learning_rate |
+-------+-------+------------+--------------+--------------------+---------------+
|   0   | train | 4001/16658 | 57:34/182:07 | 13.569422433940032 |     1e-05     |
+-------+-------+------------+--------------+--------------------+---------------+
+------------+-------+-------+-------+-------+-------+-------+
|    Type    |  MiP  |  MiR  |  MiF  |  MaP  |  MaR  |  MiF  |
+------------+-------+-------+-------+-------+-------+-------+
|  article   | 0.844 | 0.753 | 0.796 | 0.239 | 0.128 | 0.154 |
| accusation | 0.749 | 0.707 | 0.727 | 0.136 | 0.088 | 0.098 |
+------------+-------+-------+-------+-------+-------+-------+

2022-12-16 07:51:26,957 - utils - INFO - 
+-------+-------+------------+--------------+--------------------+---------------+
| epoch | stage | iterations |     time     |        loss        | learning_rate |
+-------+-------+------------+--------------+--------------------+---------------+
|   0   | train | 6001/16658 | 86:11/153:03 | 10.572586650158877 |     1e-05     |
+-------+-------+------------+--------------+--------------------+---------------+
+------------+-------+-------+-------+-------+-------+-------+
|    Type    |  MiP  |  MiR  |  MiF  |  MaP  |  MaR  |  MiF  |
+------------+-------+-------+-------+-------+-------+-------+
|  article   | 0.887 | 0.807 | 0.845 | 0.28  | 0.178 | 0.21  |
| accusation | 0.802 | 0.746 | 0.773 | 0.167 | 0.11  | 0.123 |
+------------+-------+-------+-------+-------+-------+-------+

2022-12-16 08:20:07,684 - utils - INFO - 
+-------+-------+------------+---------------+-------------------+---------------+
| epoch | stage | iterations |     time      |       loss        | learning_rate |
+-------+-------+------------+---------------+-------------------+---------------+
|   0   | train | 8001/16658 | 114:52/124:17 | 8.919708316472676 |     1e-05     |
+-------+-------+------------+---------------+-------------------+---------------+
+------------+------+-------+-------+-------+-------+-------+
|    Type    | MiP  |  MiR  |  MiF  |  MaP  |  MaR  |  MiF  |
+------------+------+-------+-------+-------+-------+-------+
|  article   | 0.91 | 0.839 | 0.873 | 0.332 | 0.226 | 0.261 |
| accusation | 0.83 | 0.77  | 0.799 | 0.19  | 0.123 | 0.14  |
+------------+------+-------+-------+-------+-------+-------+

2022-12-16 08:48:55,695 - utils - INFO - 
+-------+-------+-------------+--------------+-------------------+---------------+
| epoch | stage | iterations  |     time     |       loss        | learning_rate |
+-------+-------+-------------+--------------+-------------------+---------------+
|   0   | train | 10001/16658 | 143:40/95:37 | 7.858880954254938 |     1e-05     |
+-------+-------+-------------+--------------+-------------------+---------------+
+------------+-------+-------+-------+-------+-------+-------+
|    Type    |  MiP  |  MiR  |  MiF  |  MaP  |  MaR  |  MiF  |
+------------+-------+-------+-------+-------+-------+-------+
|  article   | 0.923 | 0.859 | 0.89  | 0.382 | 0.272 | 0.308 |
| accusation | 0.847 | 0.787 | 0.816 | 0.204 | 0.142 | 0.159 |
+------------+-------+-------+-------+-------+-------+-------+

2022-12-16 09:17:35,924 - utils - INFO - 
+-------+-------+-------------+--------------+-------------------+---------------+
| epoch | stage | iterations  |     time     |       loss        | learning_rate |
+-------+-------+-------------+--------------+-------------------+---------------+
|   0   | train | 12001/16658 | 172:20/66:52 | 7.138321327719626 |     1e-05     |
+-------+-------+-------------+--------------+-------------------+---------------+
+------------+-------+-------+-------+-------+-------+-------+
|    Type    |  MiP  |  MiR  |  MiF  |  MaP  |  MaR  |  MiF  |
+------------+-------+-------+-------+-------+-------+-------+
|  article   | 0.932 | 0.873 | 0.901 | 0.428 | 0.316 | 0.352 |
| accusation | 0.859 | 0.798 | 0.828 | 0.214 | 0.157 | 0.174 |
+------------+-------+-------+-------+-------+-------+-------+

2022-12-16 09:46:18,076 - utils - INFO - 
+-------+-------+-------------+--------------+------------------+---------------+
| epoch | stage | iterations  |     time     |       loss       | learning_rate |
+-------+-------+-------------+--------------+------------------+---------------+
|   0   | train | 14001/16658 | 201:02/38:09 | 6.61236773435239 |     1e-05     |
+-------+-------+-------------+--------------+------------------+---------------+
+------------+-------+-------+-------+-------+-------+-------+
|    Type    |  MiP  |  MiR  |  MiF  |  MaP  |  MaR  |  MiF  |
+------------+-------+-------+-------+-------+-------+-------+
|  article   | 0.938 | 0.884 | 0.91  | 0.491 | 0.356 | 0.396 |
| accusation | 0.868 | 0.807 | 0.837 | 0.217 | 0.162 | 0.179 |
+------------+-------+-------+-------+-------+-------+-------+

2022-12-16 10:15:13,715 - utils - INFO - 
+-------+-------+-------------+--------------+-------------------+---------------+
| epoch | stage | iterations  |     time     |       loss        | learning_rate |
+-------+-------+-------------+--------------+-------------------+---------------+
|   0   | train | 16001/16658 | 229:58/ 9:26 | 6.183508592287392 |     1e-05     |
+-------+-------+-------------+--------------+-------------------+---------------+
+------------+-------+-------+-------+-------+-------+-------+
|    Type    |  MiP  |  MiR  |  MiF  |  MaP  |  MaR  |  MiF  |
+------------+-------+-------+-------+-------+-------+-------+
|  article   | 0.943 | 0.893 | 0.917 | 0.526 | 0.392 | 0.435 |
| accusation | 0.875 | 0.815 | 0.844 | 0.232 | 0.174 | 0.192 |
+------------+-------+-------+-------+-------+-------+-------+

2022-12-16 10:24:38,784 - utils - INFO - 
+-------+-------+-------------+--------------+-------------------+---------------+
| epoch | stage | iterations  |     time     |       loss        | learning_rate |
+-------+-------+-------------+--------------+-------------------+---------------+
|   0   | train | 16658/16658 | 239:23/ 0:00 | 6.058117225547021 |     1e-05     |
+-------+-------+-------------+--------------+-------------------+---------------+
+------------+-------+-------+-------+-------+-------+-------+
|    Type    |  MiP  |  MiR  |  MiF  |  MaP  |  MaR  |  MiF  |
+------------+-------+-------+-------+-------+-------+-------+
|  article   | 0.945 | 0.895 | 0.92  | 0.533 | 0.401 | 0.443 |
| accusation | 0.877 | 0.817 | 0.846 | 0.233 | 0.177 | 0.194 |
+------------+-------+-------+-------+-------+-------+-------+

2022-12-16 10:24:41,797 - utils - INFO - 
+-------+-------+------------+-------------+--------------------+---------------+
| epoch | stage | iterations |    time     |        loss        | learning_rate |
+-------+-------+------------+-------------+--------------------+---------------+
|   1   | train |  1/16658   | 0:00/256:14 | 0.9479634165763855 |     1e-05     |
+-------+-------+------------+-------------+--------------------+---------------+
+------------+-----+-----+-----+-----+-----+-----+
|    Type    | MiP | MiR | MiF | MaP | MaR | MiF |
+------------+-----+-----+-----+-----+-----+-----+
|  article   | 1.0 | 1.0 | 1.0 | 1.0 | 1.0 | 1.0 |
| accusation | 1.0 | 1.0 | 1.0 | 1.0 | 1.0 | 1.0 |
+------------+-----+-----+-----+-----+-----+-----+

2022-12-16 10:53:22,938 - utils - INFO - 
+-------+-------+------------+--------------+--------------------+---------------+
| epoch | stage | iterations |     time     |        loss        | learning_rate |
+-------+-------+------------+--------------+--------------------+---------------+
|   1   | train | 2001/16658 | 28:42/210:13 | 2.9613817128492914 |     1e-05     |
+-------+-------+------------+--------------+--------------------+---------------+
+------------+-------+-------+-------+-------+-------+-------+
|    Type    |  MiP  |  MiR  |  MiF  |  MaP  |  MaR  |  MiF  |
+------------+-------+-------+-------+-------+-------+-------+
|  article   | 0.981 | 0.963 | 0.972 | 0.82  | 0.737 | 0.763 |
| accusation | 0.926 | 0.868 | 0.896 | 0.719 | 0.663 | 0.681 |
+------------+-------+-------+-------+-------+-------+-------+

2022-12-16 11:22:05,961 - utils - INFO - 
+-------+-------+------------+--------------+--------------------+---------------+
| epoch | stage | iterations |     time     |        loss        | learning_rate |
+-------+-------+------------+--------------+--------------------+---------------+
|   1   | train | 4001/16658 | 57:25/181:38 | 2.9239121824726406 |     1e-05     |
+-------+-------+------------+--------------+--------------------+---------------+
+------------+-------+-------+-------+-------+-------+-------+
|    Type    |  MiP  |  MiR  |  MiF  |  MaP  |  MaR  |  MiF  |
+------------+-------+-------+-------+-------+-------+-------+
|  article   | 0.981 | 0.963 | 0.972 | 0.799 | 0.71  | 0.741 |
| accusation | 0.927 | 0.871 | 0.898 | 0.606 | 0.554 | 0.57  |
+------------+-------+-------+-------+-------+-------+-------+

2022-12-16 11:51:26,498 - utils - INFO - 
+-------+-------+------------+--------------+-------------------+---------------+
| epoch | stage | iterations |     time     |       loss        | learning_rate |
+-------+-------+------------+--------------+-------------------+---------------+
|   1   | train | 6001/16658 | 86:45/154:04 | 2.873069699231018 |     1e-05     |
+-------+-------+------------+--------------+-------------------+---------------+
+------------+-------+-------+-------+-------+-------+-------+
|    Type    |  MiP  |  MiR  |  MiF  |  MaP  |  MaR  |  MiF  |
+------------+-------+-------+-------+-------+-------+-------+
|  article   | 0.981 | 0.964 | 0.973 | 0.832 | 0.729 | 0.766 |
| accusation | 0.926 | 0.875 |  0.9  | 0.614 | 0.546 | 0.566 |
+------------+-------+-------+-------+-------+-------+-------+

2022-12-16 12:20:51,371 - utils - INFO - 
+-------+-------+------------+---------------+-------------------+---------------+
| epoch | stage | iterations |     time      |       loss        | learning_rate |
+-------+-------+------------+---------------+-------------------+---------------+
|   1   | train | 8001/16658 | 116:10/125:42 | 2.809466304139016 |     1e-05     |
+-------+-------+------------+---------------+-------------------+---------------+
+------------+-------+-------+-------+-------+-------+-------+
|    Type    |  MiP  |  MiR  |  MiF  |  MaP  |  MaR  |  MiF  |
+------------+-------+-------+-------+-------+-------+-------+
|  article   | 0.981 | 0.964 | 0.972 | 0.823 | 0.73  | 0.763 |
| accusation | 0.928 | 0.881 | 0.904 | 0.621 | 0.538 | 0.561 |
+------------+-------+-------+-------+-------+-------+-------+

2022-12-16 12:49:42,030 - utils - INFO - 
+-------+-------+-------------+--------------+-------------------+---------------+
| epoch | stage | iterations  |     time     |       loss        | learning_rate |
+-------+-------+-------------+--------------+-------------------+---------------+
|   1   | train | 10001/16658 | 145:01/96:31 | 2.783016127352714 |     1e-05     |
+-------+-------+-------------+--------------+-------------------+---------------+
+------------+------+-------+-------+-------+-------+-------+
|    Type    | MiP  |  MiR  |  MiF  |  MaP  |  MaR  |  MiF  |
+------------+------+-------+-------+-------+-------+-------+
|  article   | 0.98 | 0.963 | 0.972 | 0.842 | 0.741 | 0.775 |
| accusation | 0.93 | 0.885 | 0.907 | 0.581 | 0.499 | 0.521 |
+------------+------+-------+-------+-------+-------+-------+

2022-12-16 13:18:24,915 - utils - INFO - 
+-------+-------+-------------+--------------+--------------------+---------------+
| epoch | stage | iterations  |     time     |        loss        | learning_rate |
+-------+-------+-------------+--------------+--------------------+---------------+
|   1   | train | 12001/16658 | 173:44/67:25 | 2.7568171078654444 |     1e-05     |
+-------+-------+-------------+--------------+--------------------+---------------+
+------------+-------+-------+-------+-------+-------+-------+
|    Type    |  MiP  |  MiR  |  MiF  |  MaP  |  MaR  |  MiF  |
+------------+-------+-------+-------+-------+-------+-------+
|  article   | 0.98  | 0.964 | 0.972 | 0.844 | 0.737 | 0.773 |
| accusation | 0.931 | 0.888 | 0.909 | 0.57  | 0.486 | 0.51  |
+------------+-------+-------+-------+-------+-------+-------+

2022-12-16 13:47:08,015 - utils - INFO - 
+-------+-------+-------------+--------------+--------------------+---------------+
| epoch | stage | iterations  |     time     |        loss        | learning_rate |
+-------+-------+-------------+--------------+--------------------+---------------+
|   1   | train | 14001/16658 | 202:27/38:25 | 2.7117462530505994 |     1e-05     |
+-------+-------+-------------+--------------+--------------------+---------------+
+------------+-------+-------+-------+-------+-------+-------+
|    Type    |  MiP  |  MiR  |  MiF  |  MaP  |  MaR  |  MiF  |
+------------+-------+-------+-------+-------+-------+-------+
|  article   | 0.981 | 0.965 | 0.973 | 0.856 | 0.742 | 0.781 |
| accusation | 0.932 | 0.891 | 0.911 | 0.555 | 0.471 | 0.495 |
+------------+-------+-------+-------+-------+-------+-------+

2022-12-16 14:15:54,109 - utils - INFO - 
+-------+-------+-------------+--------------+--------------------+---------------+
| epoch | stage | iterations  |     time     |        loss        | learning_rate |
+-------+-------+-------------+--------------+--------------------+---------------+
|   1   | train | 16001/16658 | 231:13/ 9:29 | 2.6888562955509836 |     1e-05     |
+-------+-------+-------------+--------------+--------------------+---------------+
+------------+-------+-------+-------+-------+-------+-------+
|    Type    |  MiP  |  MiR  |  MiF  |  MaP  |  MaR  |  MiF  |
+------------+-------+-------+-------+-------+-------+-------+
|  article   | 0.981 | 0.965 | 0.973 | 0.869 | 0.747 | 0.789 |
| accusation | 0.932 | 0.893 | 0.912 | 0.539 | 0.458 | 0.482 |
+------------+-------+-------+-------+-------+-------+-------+

2022-12-16 14:25:16,861 - utils - INFO - 
+-------+-------+-------------+--------------+--------------------+---------------+
| epoch | stage | iterations  |     time     |        loss        | learning_rate |
+-------+-------+-------------+--------------+--------------------+---------------+
|   1   | train | 16658/16658 | 240:35/ 0:00 | 2.6768708086822723 |     1e-05     |
+-------+-------+-------------+--------------+--------------------+---------------+
+------------+-------+-------+-------+-------+-------+-------+
|    Type    |  MiP  |  MiR  |  MiF  |  MaP  |  MaR  |  MiF  |
+------------+-------+-------+-------+-------+-------+-------+
|  article   | 0.981 | 0.965 | 0.973 | 0.871 | 0.749 | 0.791 |
| accusation | 0.933 | 0.893 | 0.913 | 0.532 | 0.452 | 0.475 |
+------------+-------+-------+-------+-------+-------+-------+

2022-12-16 14:25:19,653 - utils - INFO - 
+-------+-------+------------+-------------+-------------------+---------------+
| epoch | stage | iterations |    time     |       loss        | learning_rate |
+-------+-------+------------+-------------+-------------------+---------------+
|   2   | train |  1/16658   | 0:00/202:17 | 0.450219988822937 |     1e-05     |
+-------+-------+------------+-------------+-------------------+---------------+
+------------+-----+-----+-----+-----+-----+-----+
|    Type    | MiP | MiR | MiF | MaP | MaR | MiF |
+------------+-----+-----+-----+-----+-----+-----+
|  article   | 1.0 | 1.0 | 1.0 | 1.0 | 1.0 | 1.0 |
| accusation | 1.0 | 1.0 | 1.0 | 1.0 | 1.0 | 1.0 |
+------------+-----+-----+-----+-----+-----+-----+

2022-12-16 14:55:27,681 - utils - INFO - 
+-------+-------+------------+--------------+--------------------+---------------+
| epoch | stage | iterations |     time     |        loss        | learning_rate |
+-------+-------+------------+--------------+--------------------+---------------+
|   2   | train | 2001/16658 | 30:08/220:48 | 2.1363105336273986 |     1e-05     |
+-------+-------+------------+--------------+--------------------+---------------+
+------------+------+-------+-------+-------+-------+-------+
|    Type    | MiP  |  MiR  |  MiF  |  MaP  |  MaR  |  MiF  |
+------------+------+-------+-------+-------+-------+-------+
|  article   | 0.99 | 0.977 | 0.983 | 0.919 | 0.864 | 0.882 |
| accusation | 0.94 | 0.912 | 0.926 | 0.794 | 0.746 | 0.761 |
+------------+------+-------+-------+-------+-------+-------+

2022-12-16 15:24:15,184 - utils - INFO - 
+-------+-------+------------+--------------+--------------------+---------------+
| epoch | stage | iterations |     time     |        loss        | learning_rate |
+-------+-------+------------+--------------+--------------------+---------------+
|   2   | train | 4001/16658 | 58:56/186:26 | 2.1333006338333447 |     1e-05     |
+-------+-------+------------+--------------+--------------------+---------------+
+------------+-------+-------+-------+-------+-------+-------+
|    Type    |  MiP  |  MiR  |  MiF  |  MaP  |  MaR  |  MiF  |
+------------+-------+-------+-------+-------+-------+-------+
|  article   | 0.988 | 0.976 | 0.982 | 0.906 | 0.842 | 0.865 |
| accusation | 0.942 | 0.914 | 0.928 | 0.766 | 0.697 | 0.717 |
+------------+-------+-------+-------+-------+-------+-------+

2022-12-16 15:52:56,210 - utils - INFO - 
+-------+-------+------------+--------------+--------------------+---------------+
| epoch | stage | iterations |     time     |        loss        | learning_rate |
+-------+-------+------------+--------------+--------------------+---------------+
|   2   | train | 6001/16658 | 87:37/155:36 | 2.1556523745301277 |     1e-05     |
+-------+-------+------------+--------------+--------------------+---------------+
+------------+-------+-------+-------+-------+-------+-------+
|    Type    |  MiP  |  MiR  |  MiF  |  MaP  |  MaR  |  MiF  |
+------------+-------+-------+-------+-------+-------+-------+
|  article   | 0.987 | 0.974 | 0.98  | 0.894 | 0.827 | 0.852 |
| accusation | 0.944 | 0.917 | 0.931 | 0.717 | 0.637 | 0.66  |
+------------+-------+-------+-------+-------+-------+-------+

2022-12-16 16:21:37,119 - utils - INFO - 
+-------+-------+------------+---------------+-------------------+---------------+
| epoch | stage | iterations |     time      |       loss        | learning_rate |
+-------+-------+------------+---------------+-------------------+---------------+
|   2   | train | 8001/16658 | 116:18/125:50 | 2.182306471796758 |     1e-05     |
+-------+-------+------------+---------------+-------------------+---------------+
+------------+-------+-------+------+-------+-------+-------+
|    Type    |  MiP  |  MiR  | MiF  |  MaP  |  MaR  |  MiF  |
+------------+-------+-------+------+-------+-------+-------+
|  article   | 0.986 | 0.974 | 0.98 | 0.902 | 0.841 | 0.864 |
| accusation | 0.943 | 0.916 | 0.93 | 0.666 | 0.594 | 0.617 |
+------------+-------+-------+------+-------+-------+-------+

2022-12-16 16:50:18,447 - utils - INFO - 
+-------+-------+-------------+--------------+--------------------+---------------+
| epoch | stage | iterations  |     time     |        loss        | learning_rate |
+-------+-------+-------------+--------------+--------------------+---------------+
|   2   | train | 10001/16658 | 144:59/96:30 | 2.1706317326601727 |     1e-05     |
+-------+-------+-------------+--------------+--------------------+---------------+
+------------+-------+-------+------+-------+-------+-------+
|    Type    |  MiP  |  MiR  | MiF  |  MaP  |  MaR  |  MiF  |
+------------+-------+-------+------+-------+-------+-------+
|  article   | 0.986 | 0.974 | 0.98 | 0.904 | 0.84  | 0.866 |
| accusation | 0.944 | 0.917 | 0.93 | 0.628 | 0.556 | 0.58  |
+------------+-------+-------+------+-------+-------+-------+

2022-12-16 17:19:02,613 - utils - INFO - 
+-------+-------+-------------+--------------+-------------------+---------------+
| epoch | stage | iterations  |     time     |       loss        | learning_rate |
+-------+-------+-------------+--------------+-------------------+---------------+
|   2   | train | 12001/16658 | 173:43/67:24 | 2.156485735205099 |     1e-05     |
+-------+-------+-------------+--------------+-------------------+---------------+
+------------+-------+-------+-------+-------+-------+-------+
|    Type    |  MiP  |  MiR  |  MiF  |  MaP  |  MaR  |  MiF  |
+------------+-------+-------+-------+-------+-------+-------+
|  article   | 0.986 | 0.974 | 0.98  | 0.916 | 0.847 | 0.874 |
| accusation | 0.945 | 0.918 | 0.931 | 0.63  | 0.548 | 0.574 |
+------------+-------+-------+-------+-------+-------+-------+

2022-12-16 17:47:50,476 - utils - INFO - 
+-------+-------+-------------+--------------+--------------------+---------------+
| epoch | stage | iterations  |     time     |        loss        | learning_rate |
+-------+-------+-------------+--------------+--------------------+---------------+
|   2   | train | 14001/16658 | 202:31/38:26 | 2.1664097624834957 |     1e-05     |
+-------+-------+-------------+--------------+--------------------+---------------+
+------------+-------+-------+-------+-------+-------+-------+
|    Type    |  MiP  |  MiR  |  MiF  |  MaP  |  MaR  |  MiF  |
+------------+-------+-------+-------+-------+-------+-------+
|  article   | 0.985 | 0.974 | 0.979 | 0.917 | 0.845 | 0.873 |
| accusation | 0.944 | 0.918 | 0.931 | 0.62  | 0.538 | 0.564 |
+------------+-------+-------+-------+-------+-------+-------+

2022-12-16 18:16:34,531 - utils - INFO - 
+-------+-------+-------------+--------------+--------------------+---------------+
| epoch | stage | iterations  |     time     |        loss        | learning_rate |
+-------+-------+-------------+--------------+--------------------+---------------+
|   2   | train | 16001/16658 | 231:15/ 9:29 | 2.1642565180781923 |     1e-05     |
+-------+-------+-------------+--------------+--------------------+---------------+
+------------+-------+-------+-------+-------+-------+-------+
|    Type    |  MiP  |  MiR  |  MiF  |  MaP  |  MaR  |  MiF  |
+------------+-------+-------+-------+-------+-------+-------+
|  article   | 0.985 | 0.974 | 0.979 | 0.92  | 0.85  | 0.878 |
| accusation | 0.945 | 0.919 | 0.932 | 0.592 | 0.508 | 0.534 |
+------------+-------+-------+-------+-------+-------+-------+

2022-12-16 18:25:58,909 - utils - INFO - 
+-------+-------+-------------+--------------+-------------------+---------------+
| epoch | stage | iterations  |     time     |       loss        | learning_rate |
+-------+-------+-------------+--------------+-------------------+---------------+
|   2   | train | 16658/16658 | 240:39/ 0:00 | 2.163855402393725 |     1e-05     |
+-------+-------+-------------+--------------+-------------------+---------------+
+------------+-------+-------+-------+-------+-------+-------+
|    Type    |  MiP  |  MiR  |  MiF  |  MaP  |  MaR  |  MiF  |
+------------+-------+-------+-------+-------+-------+-------+
|  article   | 0.985 | 0.973 | 0.979 | 0.919 | 0.85  | 0.878 |
| accusation | 0.945 | 0.92  | 0.932 | 0.592 | 0.509 | 0.535 |
+------------+-------+-------+-------+-------+-------+-------+

2022-12-16 18:26:02,034 - utils - INFO - 
+-------+-------+------------+-------------+---------------------+---------------+
| epoch | stage | iterations |    time     |        loss         | learning_rate |
+-------+-------+------------+-------------+---------------------+---------------+
|   3   | train |  1/16658   | 0:01/288:29 | 0.15756848454475403 |     1e-05     |
+-------+-------+------------+-------------+---------------------+---------------+
+------------+-----+-----+-----+-----+-----+-----+
|    Type    | MiP | MiR | MiF | MaP | MaR | MiF |
+------------+-----+-----+-----+-----+-----+-----+
|  article   | 1.0 | 1.0 | 1.0 | 1.0 | 1.0 | 1.0 |
| accusation | 1.0 | 1.0 | 1.0 | 1.0 | 1.0 | 1.0 |
+------------+-----+-----+-----+-----+-----+-----+

2022-12-16 18:54:44,860 - utils - INFO - 
+-------+-------+------------+--------------+--------------------+---------------+
| epoch | stage | iterations |     time     |        loss        | learning_rate |
+-------+-------+------------+--------------+--------------------+---------------+
|   3   | train | 2001/16658 | 28:43/210:27 | 1.7167049465884363 |     1e-05     |
+-------+-------+------------+--------------+--------------------+---------------+
+------------+-------+-------+-------+-------+-------+-------+
|    Type    |  MiP  |  MiR  |  MiF  |  MaP  |  MaR  |  MiF  |
+------------+-------+-------+-------+-------+-------+-------+
|  article   | 0.991 | 0.98  | 0.985 | 0.939 | 0.922 | 0.926 |
| accusation | 0.959 | 0.935 | 0.947 | 0.829 | 0.786 | 0.799 |
+------------+-------+-------+-------+-------+-------+-------+

2022-12-16 19:23:22,388 - utils - INFO - 
+-------+-------+------------+--------------+--------------------+---------------+
| epoch | stage | iterations |     time     |        loss        | learning_rate |
+-------+-------+------------+--------------+--------------------+---------------+
|   3   | train | 4001/16658 | 57:21/181:26 | 1.7616692794548798 |     1e-05     |
+-------+-------+------------+--------------+--------------------+---------------+
+------------+-------+-------+-------+-------+-------+-------+
|    Type    |  MiP  |  MiR  |  MiF  |  MaP  |  MaR  |  MiF  |
+------------+-------+-------+-------+-------+-------+-------+
|  article   | 0.99  | 0.98  | 0.985 | 0.933 | 0.902 | 0.913 |
| accusation | 0.957 | 0.932 | 0.945 | 0.75  | 0.687 | 0.707 |
+------------+-------+-------+-------+-------+-------+-------+

2022-12-16 19:52:12,784 - utils - INFO - 
+-------+-------+------------+--------------+--------------------+---------------+
| epoch | stage | iterations |     time     |        loss        | learning_rate |
+-------+-------+------------+--------------+--------------------+---------------+
|   3   | train | 6001/16658 | 86:11/153:04 | 1.8180858165576963 |     1e-05     |
+-------+-------+------------+--------------+--------------------+---------------+
+------------+-------+-------+-------+-------+-------+-------+
|    Type    |  MiP  |  MiR  |  MiF  |  MaP  |  MaR  |  MiF  |
+------------+-------+-------+-------+-------+-------+-------+
|  article   | 0.99  | 0.98  | 0.985 | 0.921 | 0.891 | 0.903 |
| accusation | 0.955 | 0.931 | 0.943 | 0.71  | 0.642 | 0.665 |
+------------+-------+-------+-------+-------+-------+-------+

2022-12-16 20:20:53,317 - utils - INFO - 
+-------+-------+------------+---------------+--------------------+---------------+
| epoch | stage | iterations |     time      |        loss        | learning_rate |
+-------+-------+------------+---------------+--------------------+---------------+
|   3   | train | 8001/16658 | 114:52/124:17 | 1.8120781450401193 |     1e-05     |
+-------+-------+------------+---------------+--------------------+---------------+
+------------+-------+-------+-------+-------+-------+-------+
|    Type    |  MiP  |  MiR  |  MiF  |  MaP  |  MaR  |  MiF  |
+------------+-------+-------+-------+-------+-------+-------+
|  article   | 0.99  | 0.98  | 0.985 | 0.941 | 0.903 | 0.919 |
| accusation | 0.955 | 0.932 | 0.943 | 0.666 |  0.6  | 0.622 |
+------------+-------+-------+-------+-------+-------+-------+

2022-12-16 20:49:37,380 - utils - INFO - 
+-------+-------+-------------+--------------+--------------------+---------------+
| epoch | stage | iterations  |     time     |        loss        | learning_rate |
+-------+-------+-------------+--------------+--------------------+---------------+
|   3   | train | 10001/16658 | 143:36/95:35 | 1.8041073768539806 |     1e-05     |
+-------+-------+-------------+--------------+--------------------+---------------+
+------------+-------+-------+-------+-------+-------+-------+
|    Type    |  MiP  |  MiR  |  MiF  |  MaP  |  MaR  |  MiF  |
+------------+-------+-------+-------+-------+-------+-------+
|  article   | 0.989 | 0.98  | 0.985 | 0.943 | 0.906 | 0.922 |
| accusation | 0.956 | 0.934 | 0.945 | 0.661 | 0.592 | 0.615 |
+------------+-------+-------+-------+-------+-------+-------+

2022-12-16 21:18:25,637 - utils - INFO - 
+-------+-------+-------------+--------------+--------------------+---------------+
| epoch | stage | iterations  |     time     |        loss        | learning_rate |
+-------+-------+-------------+--------------+--------------------+---------------+
|   3   | train | 12001/16658 | 172:24/66:54 | 1.8204692975251577 |     1e-05     |
+-------+-------+-------------+--------------+--------------------+---------------+
+------------+-------+-------+-------+-------+-------+-------+
|    Type    |  MiP  |  MiR  |  MiF  |  MaP  |  MaR  |  MiF  |
+------------+-------+-------+-------+-------+-------+-------+
|  article   | 0.989 | 0.979 | 0.984 | 0.943 | 0.901 | 0.919 |
| accusation | 0.956 | 0.934 | 0.945 | 0.657 | 0.582 | 0.607 |
+------------+-------+-------+-------+-------+-------+-------+

2022-12-16 21:47:17,703 - utils - INFO - 
+-------+-------+-------------+--------------+--------------------+---------------+
| epoch | stage | iterations  |     time     |        loss        | learning_rate |
+-------+-------+-------------+--------------+--------------------+---------------+
|   3   | train | 14001/16658 | 201:16/38:11 | 1.8374599764582136 |     1e-05     |
+-------+-------+-------------+--------------+--------------------+---------------+
+------------+-------+-------+-------+-------+-------+-------+
|    Type    |  MiP  |  MiR  |  MiF  |  MaP  |  MaR  |  MiF  |
+------------+-------+-------+-------+-------+-------+-------+
|  article   | 0.989 | 0.979 | 0.984 | 0.951 | 0.905 | 0.925 |
| accusation | 0.955 | 0.934 | 0.944 | 0.642 | 0.57  | 0.594 |
+------------+-------+-------+-------+-------+-------+-------+

2022-12-16 22:16:08,407 - utils - INFO - 
+-------+-------+-------------+--------------+--------------------+---------------+
| epoch | stage | iterations  |     time     |        loss        | learning_rate |
+-------+-------+-------------+--------------+--------------------+---------------+
|   3   | train | 16001/16658 | 230:07/ 9:26 | 1.8543546196243483 |     1e-05     |
+-------+-------+-------------+--------------+--------------------+---------------+
+------------+-------+-------+-------+-------+-------+-------+
|    Type    |  MiP  |  MiR  |  MiF  |  MaP  |  MaR  |  MiF  |
+------------+-------+-------+-------+-------+-------+-------+
|  article   | 0.989 | 0.978 | 0.984 | 0.95  | 0.904 | 0.923 |
| accusation | 0.954 | 0.933 | 0.943 | 0.631 | 0.559 | 0.583 |
+------------+-------+-------+-------+-------+-------+-------+

2022-12-16 22:25:30,965 - utils - INFO - 
+-------+-------+-------------+--------------+--------------------+---------------+
| epoch | stage | iterations  |     time     |        loss        | learning_rate |
+-------+-------+-------------+--------------+--------------------+---------------+
|   3   | train | 16658/16658 | 239:29/ 0:00 | 1.8562646544342647 |     1e-05     |
+-------+-------+-------------+--------------+--------------------+---------------+
+------------+-------+-------+-------+-------+------+-------+
|    Type    |  MiP  |  MiR  |  MiF  |  MaP  | MaR  |  MiF  |
+------------+-------+-------+-------+-------+------+-------+
|  article   | 0.989 | 0.978 | 0.984 | 0.951 | 0.9  | 0.921 |
| accusation | 0.954 | 0.933 | 0.943 | 0.623 | 0.55 | 0.575 |
+------------+-------+-------+-------+-------+------+-------+

2022-12-16 22:25:34,022 - utils - INFO - 
+-------+-------+------------+-------------+--------------------+---------------+
| epoch | stage | iterations |    time     |        loss        | learning_rate |
+-------+-------+------------+-------------+--------------------+---------------+
|   4   | train |  1/16658   | 0:00/260:10 | 0.1736321598291397 |     1e-05     |
+-------+-------+------------+-------------+--------------------+---------------+
+------------+-----+-----+-----+-----+-----+-----+
|    Type    | MiP | MiR | MiF | MaP | MaR | MiF |
+------------+-----+-----+-----+-----+-----+-----+
|  article   | 1.0 | 1.0 | 1.0 | 1.0 | 1.0 | 1.0 |
| accusation | 1.0 | 1.0 | 1.0 | 1.0 | 1.0 | 1.0 |
+------------+-----+-----+-----+-----+-----+-----+

2022-12-16 22:42:29,265 - root - INFO - 



new_main.py -c configs/new_main/config.ini -m train -g 0 -cp results/checkpoints/pekonet/checkpoint_3.pkl -bs 7
2022-12-16 22:42:29,265 - pekonet.initialize - INFO - Start to initialize.
2022-12-16 22:42:29,282 - utils - INFO - CUDA is available.
2022-12-16 22:42:29,282 - utils - INFO - Initialize GPUs successfully.
2022-12-16 22:42:29,282 - pekonet.model.initialize - INFO - Start to initialize model.
2022-12-16 22:42:30,392 - pekonet.model.initialize - INFO - Initialize model successfully.
2022-12-16 22:42:31,765 - pekonet.initialize - INFO - Start to initialize multiple gpus.
2022-12-16 22:42:31,767 - pekonet.initialize - INFO - Initialize multiple gpus successfully.
2022-12-16 22:42:31,767 - pekonet.model.initialize - INFO - Start to initialize optimizer.
2022-12-16 22:42:31,768 - pekonet.model.initialize - INFO - Initialize optimizer successfully.
2022-12-16 22:42:32,510 - pekonet.dataset.initialize - INFO - Start to initialize train dataloader.
2022-12-16 22:42:33,638 - pekonet.formatter.initialize - INFO - Start to initialize formatter.
2022-12-16 22:42:33,656 - pekonet.formatter.initialize - INFO - Initialize formatter successfully.
2022-12-16 22:42:33,656 - pekonet.dataset.initialize - INFO - Initialize train dataloader successfully.
2022-12-16 22:42:33,656 - pekonet.dataset.initialize - INFO - Start to initialize valid dataloader.
2022-12-16 22:42:35,717 - pekonet.formatter.initialize - INFO - Start to initialize formatter.
2022-12-16 22:42:35,732 - pekonet.formatter.initialize - INFO - Initialize formatter successfully.
2022-12-16 22:42:35,732 - pekonet.dataset.initialize - INFO - Initialize valid dataloader successfully.
2022-12-16 22:42:35,732 - pekonet.output.initialize - INFO - Start to initialize output function.
2022-12-16 22:42:35,732 - pekonet.output.initialize - INFO - Initialize output function successfully.
2022-12-16 22:42:35,733 - pekonet.initialize - INFO - Initialize successfully.
2022-12-16 22:42:35,734 - pekonet.train - INFO - Start to train model.
2022-12-16 22:42:36,439 - utils - INFO - 
+-------+-------+------------+-------------+--------------------+---------------+
| epoch | stage | iterations |    time     |        loss        | learning_rate |
+-------+-------+------------+-------------+--------------------+---------------+
|   4   | train |  1/16658   | 0:00/195:27 | 0.5524402856826782 |     1e-05     |
+-------+-------+------------+-------------+--------------------+---------------+
+------------+-----+-----+-----+-----+-----+-----+
|    Type    | MiP | MiR | MiF | MaP | MaR | MiF |
+------------+-----+-----+-----+-----+-----+-----+
|  article   | 1.0 | 1.0 | 1.0 | 1.0 | 1.0 | 1.0 |
| accusation | 1.0 | 1.0 | 1.0 | 1.0 | 1.0 | 1.0 |
+------------+-----+-----+-----+-----+-----+-----+

2022-12-16 23:11:16,709 - utils - INFO - 
+-------+-------+------------+--------------+--------------------+---------------+
| epoch | stage | iterations |     time     |        loss        | learning_rate |
+-------+-------+------------+--------------+--------------------+---------------+
|   4   | train | 2001/16658 | 28:40/210:05 | 1.5692527672961942 |     1e-05     |
+-------+-------+------------+--------------+--------------------+---------------+
+------------+-------+-------+-------+-------+-------+-------+
|    Type    |  MiP  |  MiR  |  MiF  |  MaP  |  MaR  |  MiF  |
+------------+-------+-------+-------+-------+-------+-------+
|  article   | 0.991 | 0.981 | 0.986 | 0.947 | 0.937 | 0.935 |
| accusation | 0.962 | 0.942 | 0.952 | 0.856 | 0.801 | 0.818 |
+------------+-------+-------+-------+-------+-------+-------+

2022-12-16 23:40:08,753 - utils - INFO - 
+-------+-------+------------+--------------+--------------------+---------------+
| epoch | stage | iterations |     time     |        loss        | learning_rate |
+-------+-------+------------+--------------+--------------------+---------------+
|   4   | train | 4001/16658 | 57:33/182:03 | 1.5044055884618799 |     1e-05     |
+-------+-------+------------+--------------+--------------------+---------------+
+------------+-------+-------+-------+-------+-------+-------+
|    Type    |  MiP  |  MiR  |  MiF  |  MaP  |  MaR  |  MiF  |
+------------+-------+-------+-------+-------+-------+-------+
|  article   | 0.992 | 0.983 | 0.988 | 0.956 | 0.943 | 0.947 |
| accusation | 0.963 | 0.945 | 0.954 | 0.802 | 0.75  | 0.767 |
+------------+-------+-------+-------+-------+-------+-------+

2022-12-17 00:08:43,784 - utils - INFO - 
+-------+-------+------------+--------------+--------------------+---------------+
| epoch | stage | iterations |     time     |        loss        | learning_rate |
+-------+-------+------------+--------------+--------------------+---------------+
|   4   | train | 6001/16658 | 86:08/152:57 | 1.5561866414589056 |     1e-05     |
+-------+-------+------------+--------------+--------------------+---------------+
+------------+-------+-------+-------+-------+-------+-------+
|    Type    |  MiP  |  MiR  |  MiF  |  MaP  |  MaR  |  MiF  |
+------------+-------+-------+-------+-------+-------+-------+
|  article   | 0.992 | 0.983 | 0.988 | 0.949 | 0.933 | 0.938 |
| accusation | 0.961 | 0.943 | 0.952 | 0.78  | 0.721 | 0.742 |
+------------+-------+-------+-------+-------+-------+-------+

2022-12-17 00:37:30,872 - utils - INFO - 
+-------+-------+------------+---------------+--------------------+---------------+
| epoch | stage | iterations |     time      |        loss        | learning_rate |
+-------+-------+------------+---------------+--------------------+---------------+
|   4   | train | 8001/16658 | 114:55/124:20 | 1.5515117607100515 |     1e-05     |
+-------+-------+------------+---------------+--------------------+---------------+
+------------+-------+-------+-------+-------+-------+-------+
|    Type    |  MiP  |  MiR  |  MiF  |  MaP  |  MaR  |  MiF  |
+------------+-------+-------+-------+-------+-------+-------+
|  article   | 0.993 | 0.983 | 0.988 | 0.963 | 0.939 | 0.948 |
| accusation | 0.961 | 0.943 | 0.952 | 0.749 | 0.685 | 0.707 |
+------------+-------+-------+-------+-------+-------+-------+

2022-12-17 01:08:45,813 - utils - INFO - 
+-------+-------+-------------+--------------+--------------------+---------------+
| epoch | stage | iterations  |     time     |        loss        | learning_rate |
+-------+-------+-------------+--------------+--------------------+---------------+
|   4   | train | 10001/16658 | 146:10/97:17 | 1.5494242968242036 |     1e-05     |
+-------+-------+-------------+--------------+--------------------+---------------+
+------------+-------+-------+-------+-------+-------+-------+
|    Type    |  MiP  |  MiR  |  MiF  |  MaP  |  MaR  |  MiF  |
+------------+-------+-------+-------+-------+-------+-------+
|  article   | 0.992 | 0.983 | 0.988 | 0.961 | 0.939 | 0.947 |
| accusation | 0.961 | 0.943 | 0.952 | 0.746 | 0.674 | 0.697 |
+------------+-------+-------+-------+-------+-------+-------+

2022-12-17 01:38:10,532 - utils - INFO - 
+-------+-------+-------------+--------------+--------------------+---------------+
| epoch | stage | iterations  |     time     |        loss        | learning_rate |
+-------+-------+-------------+--------------+--------------------+---------------+
|   4   | train | 12001/16658 | 175:34/68:08 | 1.5476777144830276 |     1e-05     |
+-------+-------+-------------+--------------+--------------------+---------------+
+------------+-------+-------+-------+-------+-------+-------+
|    Type    |  MiP  |  MiR  |  MiF  |  MaP  |  MaR  |  MiF  |
+------------+-------+-------+-------+-------+-------+-------+
|  article   | 0.992 | 0.983 | 0.988 | 0.966 | 0.937 | 0.949 |
| accusation | 0.962 | 0.943 | 0.952 | 0.744 | 0.67  | 0.696 |
+------------+-------+-------+-------+-------+-------+-------+

2022-12-17 02:06:50,917 - utils - INFO - 
+-------+-------+-------------+--------------+--------------------+---------------+
| epoch | stage | iterations  |     time     |        loss        | learning_rate |
+-------+-------+-------------+--------------+--------------------+---------------+
|   4   | train | 14001/16658 | 204:15/38:45 | 1.5530385895210548 |     1e-05     |
+-------+-------+-------------+--------------+--------------------+---------------+
+------------+-------+-------+-------+-------+-------+-------+
|    Type    |  MiP  |  MiR  |  MiF  |  MaP  |  MaR  |  MiF  |
+------------+-------+-------+-------+-------+-------+-------+
|  article   | 0.992 | 0.983 | 0.988 | 0.966 | 0.938 | 0.949 |
| accusation | 0.962 | 0.943 | 0.952 | 0.691 | 0.611 | 0.638 |
+------------+-------+-------+-------+-------+-------+-------+

2022-12-17 02:35:44,176 - utils - INFO - 
+-------+-------+-------------+--------------+-------------------+---------------+
| epoch | stage | iterations  |     time     |       loss        | learning_rate |
+-------+-------+-------------+--------------+-------------------+---------------+
|   4   | train | 16001/16658 | 233:08/ 9:34 | 1.546249782152506 |     1e-05     |
+-------+-------+-------------+--------------+-------------------+---------------+
+------------+-------+-------+-------+-------+-------+-------+
|    Type    |  MiP  |  MiR  |  MiF  |  MaP  |  MaR  |  MiF  |
+------------+-------+-------+-------+-------+-------+-------+
|  article   | 0.992 | 0.983 | 0.987 | 0.967 | 0.939 | 0.949 |
| accusation | 0.963 | 0.943 | 0.953 | 0.673 | 0.595 | 0.621 |
+------------+-------+-------+-------+-------+-------+-------+

2022-12-17 02:45:10,083 - utils - INFO - 
+-------+-------+-------------+--------------+--------------------+---------------+
| epoch | stage | iterations  |     time     |        loss        | learning_rate |
+-------+-------+-------------+--------------+--------------------+---------------+
|   4   | train | 16658/16658 | 242:34/ 0:00 | 1.5362390286367091 |     1e-05     |
+-------+-------+-------------+--------------+--------------------+---------------+
+------------+-------+-------+-------+-------+-------+-------+
|    Type    |  MiP  |  MiR  |  MiF  |  MaP  |  MaR  |  MiF  |
+------------+-------+-------+-------+-------+-------+-------+
|  article   | 0.992 | 0.983 | 0.987 | 0.968 | 0.939 | 0.951 |
| accusation | 0.963 | 0.944 | 0.953 | 0.672 | 0.593 | 0.619 |
+------------+-------+-------+-------+-------+-------+-------+

2022-12-17 02:45:12,169 - pekonet.train - INFO - Train model successfully.
2022-12-17 22:14:55,722 - root - INFO - 



new_main.py -c configs/new_main/config.ini -m train -g 0 -cp results/checkpoints/pekonet/checkpoint_4.pkl -bs 7
2022-12-17 22:14:55,722 - pekonet.initialize - INFO - Start to initialize.
2022-12-17 22:14:55,734 - utils - INFO - CUDA is available.
2022-12-17 22:14:55,734 - utils - INFO - Initialize GPUs successfully.
2022-12-17 22:14:55,734 - pekonet.model.initialize - INFO - Start to initialize model.
2022-12-17 22:14:56,865 - pekonet.model.initialize - INFO - Initialize model successfully.
2022-12-17 22:14:58,239 - pekonet.initialize - INFO - Start to initialize multiple gpus.
2022-12-17 22:14:58,241 - pekonet.initialize - INFO - Initialize multiple gpus successfully.
2022-12-17 22:14:58,241 - pekonet.model.initialize - INFO - Start to initialize optimizer.
2022-12-17 22:14:58,242 - pekonet.model.initialize - INFO - Initialize optimizer successfully.
2022-12-17 22:14:58,973 - pekonet.dataset.initialize - INFO - Start to initialize train dataloader.
2022-12-17 22:15:00,123 - pekonet.formatter.initialize - INFO - Start to initialize formatter.
2022-12-17 22:15:00,145 - pekonet.formatter.initialize - INFO - Initialize formatter successfully.
2022-12-17 22:15:00,145 - pekonet.dataset.initialize - INFO - Initialize train dataloader successfully.
2022-12-17 22:15:00,145 - pekonet.dataset.initialize - INFO - Start to initialize valid dataloader.
2022-12-17 22:15:02,241 - pekonet.formatter.initialize - INFO - Start to initialize formatter.
2022-12-17 22:15:02,257 - pekonet.formatter.initialize - INFO - Initialize formatter successfully.
2022-12-17 22:15:02,257 - pekonet.dataset.initialize - INFO - Initialize valid dataloader successfully.
2022-12-17 22:15:02,257 - pekonet.output.initialize - INFO - Start to initialize output function.
2022-12-17 22:15:02,257 - pekonet.output.initialize - INFO - Initialize output function successfully.
2022-12-17 22:15:02,258 - pekonet.initialize - INFO - Initialize successfully.
2022-12-17 22:15:02,259 - pekonet.train - INFO - Start to train model.
2022-12-17 22:15:02,971 - utils - INFO - 
+-------+-------+------------+-------------+--------------------+---------------+
| epoch | stage | iterations |    time     |        loss        | learning_rate |
+-------+-------+------------+-------------+--------------------+---------------+
|   5   | train |  1/16658   | 0:00/197:23 | 0.5015854239463806 |     1e-05     |
+-------+-------+------------+-------------+--------------------+---------------+
+------------+-----+-----+-----+-----+-----+-----+
|    Type    | MiP | MiR | MiF | MaP | MaR | MiF |
+------------+-----+-----+-----+-----+-----+-----+
|  article   | 1.0 | 1.0 | 1.0 | 1.0 | 1.0 | 1.0 |
| accusation | 1.0 | 1.0 | 1.0 | 1.0 | 1.0 | 1.0 |
+------------+-----+-----+-----+-----+-----+-----+

2022-12-17 22:43:39,549 - utils - INFO - 
+-------+-------+------------+--------------+--------------------+---------------+
| epoch | stage | iterations |     time     |        loss        | learning_rate |
+-------+-------+------------+--------------+--------------------+---------------+
|   5   | train | 2001/16658 | 28:37/209:38 | 0.9901137310287346 |     1e-05     |
+-------+-------+------------+--------------+--------------------+---------------+
+------------+-------+-------+-------+-------+-------+-------+
|    Type    |  MiP  |  MiR  |  MiF  |  MaP  |  MaR  |  MiF  |
+------------+-------+-------+-------+-------+-------+-------+
|  article   | 0.996 | 0.987 | 0.991 | 0.974 | 0.946 | 0.957 |
| accusation | 0.98  | 0.966 | 0.973 | 0.913 | 0.873 | 0.888 |
+------------+-------+-------+-------+-------+-------+-------+

2022-12-17 23:12:25,502 - utils - INFO - 
+-------+-------+------------+--------------+--------------------+---------------+
| epoch | stage | iterations |     time     |        loss        | learning_rate |
+-------+-------+------------+--------------+--------------------+---------------+
|   5   | train | 4001/16658 | 57:23/181:32 | 0.9351124176245776 |     1e-05     |
+-------+-------+------------+--------------+--------------------+---------------+
+------------+-------+-------+-------+-------+-------+------+
|    Type    |  MiP  |  MiR  |  MiF  |  MaP  |  MaR  | MiF  |
+------------+-------+-------+-------+-------+-------+------+
|  article   | 0.997 | 0.987 | 0.992 | 0.977 | 0.948 | 0.96 |
| accusation | 0.983 | 0.969 | 0.976 | 0.892 | 0.841 | 0.86 |
+------------+-------+-------+-------+-------+-------+------+

2022-12-17 23:40:56,902 - utils - INFO - 
+-------+-------+------------+--------------+--------------------+---------------+
| epoch | stage | iterations |     time     |        loss        | learning_rate |
+-------+-------+------------+--------------+--------------------+---------------+
|   5   | train | 6001/16658 | 85:54/152:33 | 0.9732413763496041 |     1e-05     |
+-------+-------+------------+--------------+--------------------+---------------+
+------------+-------+-------+-------+-------+-------+-------+
|    Type    |  MiP  |  MiR  |  MiF  |  MaP  |  MaR  |  MiF  |
+------------+-------+-------+-------+-------+-------+-------+
|  article   | 0.996 | 0.987 | 0.992 | 0.976 | 0.946 | 0.959 |
| accusation | 0.983 | 0.968 | 0.975 | 0.904 | 0.834 | 0.859 |
+------------+-------+-------+-------+-------+-------+-------+

2022-12-18 00:09:32,951 - utils - INFO - 
+-------+-------+------------+---------------+--------------------+---------------+
| epoch | stage | iterations |     time      |        loss        | learning_rate |
+-------+-------+------------+---------------+--------------------+---------------+
|   5   | train | 8001/16658 | 114:30/123:54 | 0.9635293116645673 |     1e-05     |
+-------+-------+------------+---------------+--------------------+---------------+
+------------+-------+-------+-------+-------+-------+-------+
|    Type    |  MiP  |  MiR  |  MiF  |  MaP  |  MaR  |  MiF  |
+------------+-------+-------+-------+-------+-------+-------+
|  article   | 0.996 | 0.987 | 0.992 | 0.975 | 0.943 | 0.957 |
| accusation | 0.984 | 0.969 | 0.976 | 0.894 | 0.816 | 0.844 |
+------------+-------+-------+-------+-------+-------+-------+

2022-12-18 00:38:16,360 - utils - INFO - 
+-------+-------+-------------+--------------+--------------------+---------------+
| epoch | stage | iterations  |     time     |        loss        | learning_rate |
+-------+-------+-------------+--------------+--------------------+---------------+
|   5   | train | 10001/16658 | 143:14/95:20 | 0.9481619698851377 |     1e-05     |
+-------+-------+-------------+--------------+--------------------+---------------+
+------------+-------+-------+-------+-------+-------+-------+
|    Type    |  MiP  |  MiR  |  MiF  |  MaP  |  MaR  |  MiF  |
+------------+-------+-------+-------+-------+-------+-------+
|  article   | 0.996 | 0.987 | 0.992 | 0.98  | 0.959 | 0.967 |
| accusation | 0.984 | 0.97  | 0.977 | 0.905 | 0.824 | 0.853 |
+------------+-------+-------+-------+-------+-------+-------+

2022-12-18 01:06:54,363 - utils - INFO - 
+-------+-------+-------------+--------------+--------------------+---------------+
| epoch | stage | iterations  |     time     |        loss        | learning_rate |
+-------+-------+-------------+--------------+--------------------+---------------+
|   5   | train | 12001/16658 | 171:52/66:41 | 0.9477498398893685 |     1e-05     |
+-------+-------+-------------+--------------+--------------------+---------------+
+------------+-------+-------+-------+-------+-------+-------+
|    Type    |  MiP  |  MiR  |  MiF  |  MaP  |  MaR  |  MiF  |
+------------+-------+-------+-------+-------+-------+-------+
|  article   | 0.996 | 0.987 | 0.992 | 0.984 | 0.951 | 0.965 |
| accusation | 0.984 | 0.971 | 0.977 | 0.912 | 0.821 | 0.855 |
+------------+-------+-------+-------+-------+-------+-------+

2022-12-18 01:35:33,441 - utils - INFO - 
+-------+-------+-------------+--------------+--------------------+---------------+
| epoch | stage | iterations  |     time     |        loss        | learning_rate |
+-------+-------+-------------+--------------+--------------------+---------------+
|   5   | train | 14001/16658 | 200:31/38:03 | 0.9405600614384115 |     1e-05     |
+-------+-------+-------------+--------------+--------------------+---------------+
+------------+-------+-------+-------+-------+-------+-------+
|    Type    |  MiP  |  MiR  |  MiF  |  MaP  |  MaR  |  MiF  |
+------------+-------+-------+-------+-------+-------+-------+
|  article   | 0.996 | 0.987 | 0.992 | 0.987 | 0.956 | 0.97  |
| accusation | 0.985 | 0.971 | 0.978 | 0.885 | 0.795 | 0.828 |
+------------+-------+-------+-------+-------+-------+-------+

2022-12-18 02:04:28,452 - utils - INFO - 
+-------+-------+-------------+--------------+--------------------+---------------+
| epoch | stage | iterations  |     time     |        loss        | learning_rate |
+-------+-------+-------------+--------------+--------------------+---------------+
|   5   | train | 16001/16658 | 229:26/ 9:25 | 0.9357222998724888 |     1e-05     |
+-------+-------+-------------+--------------+--------------------+---------------+
+------------+-------+-------+-------+-------+-------+-------+
|    Type    |  MiP  |  MiR  |  MiF  |  MaP  |  MaR  |  MiF  |
+------------+-------+-------+-------+-------+-------+-------+
|  article   | 0.996 | 0.987 | 0.991 | 0.987 | 0.957 | 0.97  |
| accusation | 0.985 | 0.971 | 0.978 | 0.878 | 0.779 | 0.816 |
+------------+-------+-------+-------+-------+-------+-------+

2022-12-18 02:13:54,519 - utils - INFO - 
+-------+-------+-------------+--------------+-------------------+---------------+
| epoch | stage | iterations  |     time     |       loss        | learning_rate |
+-------+-------+-------------+--------------+-------------------+---------------+
|   5   | train | 16658/16658 | 238:52/ 0:00 | 0.928622795421076 |     1e-05     |
+-------+-------+-------------+--------------+-------------------+---------------+
+------------+-------+-------+-------+-------+-------+-------+
|    Type    |  MiP  |  MiR  |  MiF  |  MaP  |  MaR  |  MiF  |
+------------+-------+-------+-------+-------+-------+-------+
|  article   | 0.996 | 0.987 | 0.991 | 0.987 | 0.957 | 0.971 |
| accusation | 0.985 | 0.971 | 0.978 | 0.879 | 0.78  | 0.817 |
+------------+-------+-------+-------+-------+-------+-------+

2022-12-18 02:13:56,684 - pekonet.train - INFO - Train model successfully.
